INFO 2025-08-07 04:46:09,152 autoreload 20280 17836 Watching for file changes with StatReloader
INFO 2025-08-07 04:46:26,258 autoreload 20280 17836 C:\Users\FATIH\Desktop\safak\safak_backend\users\views.py changed, reloading.
INFO 2025-08-07 04:46:27,327 autoreload 1668 20284 Watching for file changes with StatReloader
INFO 2025-08-07 04:46:40,065 autoreload 1668 20284 C:\Users\FATIH\Desktop\safak\safak_backend\users\views.py changed, reloading.
INFO 2025-08-07 04:46:40,817 autoreload 19588 14608 Watching for file changes with StatReloader
INFO 2025-08-07 04:46:54,656 autoreload 19588 14608 C:\Users\FATIH\Desktop\safak\safak_backend\users\views.py changed, reloading.
INFO 2025-08-07 04:46:55,669 autoreload 15424 15396 Watching for file changes with StatReloader
INFO 2025-08-07 04:47:47,835 autoreload 16864 11900 Watching for file changes with StatReloader
INFO 2025-08-07 04:49:22,222 basehttp 16864 16116 "OPTIONS /api/login/ HTTP/1.1" 200 0
WARNING 2025-08-07 04:49:22,252 log 16864 16116 Unauthorized: /api/login/
WARNING 2025-08-07 04:49:22,252 basehttp 16864 16116 "POST /api/login/ HTTP/1.1" 401 207
INFO 2025-08-07 04:49:22,262 basehttp 16864 16116 "OPTIONS /api/token/refresh/ HTTP/1.1" 200 0
WARNING 2025-08-07 04:49:22,278 log 16864 16116 Not Found: /api/token/refresh/
WARNING 2025-08-07 04:49:22,278 basehttp 16864 16116 "POST /api/token/refresh/ HTTP/1.1" 404 5288
INFO 2025-08-07 04:49:43,756 autoreload 16864 11900 C:\Users\FATIH\Desktop\safak\safak_backend\users\views.py changed, reloading.
INFO 2025-08-07 04:49:44,598 autoreload 8064 20048 Watching for file changes with StatReloader
INFO 2025-08-07 04:49:51,940 autoreload 8064 20048 C:\Users\FATIH\Desktop\safak\safak_backend\users\views.py changed, reloading.
INFO 2025-08-07 04:49:52,744 autoreload 9172 2452 Watching for file changes with StatReloader
INFO 2025-08-07 04:49:58,879 autoreload 9172 2452 C:\Users\FATIH\Desktop\safak\safak_backend\users\views.py changed, reloading.
INFO 2025-08-07 04:49:59,780 autoreload 6268 2188 Watching for file changes with StatReloader
INFO 2025-08-07 04:50:07,062 autoreload 6268 2188 C:\Users\FATIH\Desktop\safak\safak_backend\users\views.py changed, reloading.
INFO 2025-08-07 04:50:07,899 autoreload 17724 15148 Watching for file changes with StatReloader
INFO 2025-08-07 04:50:21,686 autoreload 17724 15148 C:\Users\FATIH\Desktop\safak\safak_backend\safak_backend\urls.py changed, reloading.
INFO 2025-08-07 04:50:22,528 autoreload 20012 7556 Watching for file changes with StatReloader
INFO 2025-08-07 04:50:30,861 autoreload 20012 7556 C:\Users\FATIH\Desktop\safak\safak_backend\safak_backend\urls.py changed, reloading.
INFO 2025-08-07 04:50:31,712 autoreload 20192 8540 Watching for file changes with StatReloader
INFO 2025-08-07 04:51:01,410 basehttp 20192 14428 "POST /api/login/ HTTP/1.1" 200 741
INFO 2025-08-07 04:51:13,608 autoreload 20192 8540 C:\Users\FATIH\Desktop\safak\safak_backend\safak_backend\settings.py changed, reloading.
INFO 2025-08-07 04:51:14,553 autoreload 18756 6152 Watching for file changes with StatReloader
INFO 2025-08-07 04:52:08,868 basehttp 18756 17300 "POST /api/login/ HTTP/1.1" 200 741
INFO 2025-08-07 04:54:16,013 basehttp 18756 17300 "POST /api/login/ HTTP/1.1" 200 741
INFO 2025-08-07 04:54:18,402 basehttp 18756 17300 "OPTIONS /api/opportunities/ HTTP/1.1" 200 0
INFO 2025-08-07 04:54:18,427 basehttp 18756 17300 "GET /api/opportunities/ HTTP/1.1" 200 433
INFO 2025-08-07 04:54:18,826 basehttp 18756 17836 "GET /media/opportunity_products/gomlek-yaka-selanik-orgulu-erkek-triko-38-4cd.jpg HTTP/1.1" 200 259818
WARNING 2025-08-07 04:55:25,453 log 18756 17300 Not Found: /api/
WARNING 2025-08-07 04:55:25,454 basehttp 18756 17300 "GET /api/ HTTP/1.1" 404 5607
WARNING 2025-08-07 04:55:38,525 log 18756 17836 Not Found: /api/student
WARNING 2025-08-07 04:55:38,526 basehttp 18756 17836 "GET /api/student HTTP/1.1" 404 5628
WARNING 2025-08-07 04:55:42,479 log 18756 17836 Not Found: /api/
WARNING 2025-08-07 04:55:42,480 basehttp 18756 17836 "GET /api/ HTTP/1.1" 404 5607
WARNING 2025-08-07 04:55:45,330 log 18756 17836 Not Found: /api
WARNING 2025-08-07 04:55:45,331 basehttp 18756 17836 "GET /api HTTP/1.1" 404 3030
WARNING 2025-08-07 05:02:06,615 log 18756 516 Not Found: /api/
WARNING 2025-08-07 05:02:06,616 basehttp 18756 516 "GET /api/ HTTP/1.1" 404 5607
WARNING 2025-08-07 05:02:14,754 log 18756 516 Not Found: /api/
WARNING 2025-08-07 05:02:14,755 basehttp 18756 516 "GET /api/ HTTP/1.1" 404 5607
INFO 2025-08-07 16:27:16,371 basehttp 18756 15444 "OPTIONS /api/login/ HTTP/1.1" 200 0
INFO 2025-08-07 16:27:17,383 basehttp 18756 15444 "POST /api/login/ HTTP/1.1" 200 741
WARNING 2025-08-07 16:37:38,925 log 18756 10184 Not Found: /api/
WARNING 2025-08-07 16:37:38,926 basehttp 18756 10184 "GET /api/ HTTP/1.1" 404 5607
WARNING 2025-08-07 16:37:39,941 log 18756 10184 Not Found: /api/
WARNING 2025-08-07 16:37:39,942 basehttp 18756 10184 "GET /api/ HTTP/1.1" 404 5607
INFO 2025-08-07 16:37:50,740 autoreload 3608 16596 Watching for file changes with StatReloader
INFO 2025-08-08 03:29:36,811 autoreload 12688 18904 Watching for file changes with StatReloader
INFO 2025-08-08 03:33:18,545 basehttp 12688 5408 "OPTIONS /api/register/ HTTP/1.1" 200 0
INFO 2025-08-08 03:33:19,361 basehttp 12688 5408 "POST /api/register/ HTTP/1.1" 201 760
INFO 2025-08-08 03:33:55,820 basehttp 12688 5408 "POST /api/register/ HTTP/1.1" 201 874
INFO 2025-08-08 03:34:17,582 basehttp 12688 5408 "OPTIONS /api/opportunities/ HTTP/1.1" 200 0
INFO 2025-08-08 03:34:17,598 basehttp 12688 5408 "GET /api/opportunities/ HTTP/1.1" 200 433
INFO 2025-08-08 03:34:17,975 basehttp 12688 3080 "GET /media/opportunity_products/gomlek-yaka-selanik-orgulu-erkek-triko-38-4cd.jpg HTTP/1.1" 200 259818
INFO 2025-08-08 03:42:53,510 basehttp 12688 16728 "GET /api/opportunities/ HTTP/1.1" 200 433
INFO 2025-08-08 03:45:31,978 basehttp 12688 16728 "OPTIONS /api/login/ HTTP/1.1" 200 0
INFO 2025-08-08 03:45:33,061 basehttp 12688 16728 "POST /api/login/ HTTP/1.1" 200 741
INFO 2025-08-08 03:45:38,483 basehttp 12688 16728 "GET /api/opportunities/ HTTP/1.1" 200 433
INFO 2025-08-09 00:50:05,283 autoreload 6916 20180 Watching for file changes with StatReloader
INFO 2025-08-09 00:56:12,115 autoreload 22996 13384 Watching for file changes with StatReloader
INFO 2025-08-09 01:04:45,893 basehttp 22996 18088 "POST /api/register/ HTTP/1.1" 201 879
INFO 2025-08-09 01:29:07,948 autoreload 22996 13384 C:\Users\FATIH\Desktop\safak\safak_backend\safak_backend\settings.py changed, reloading.
INFO 2025-08-09 01:29:08,663 autoreload 6536 18644 Watching for file changes with StatReloader
INFO 2025-08-09 01:31:39,691 autoreload 4472 24160 Watching for file changes with StatReloader
INFO 2025-08-09 01:36:51,533 autoreload 1108 12016 Watching for file changes with StatReloader
INFO 2025-08-09 01:39:06,538 autoreload 15636 13456 Watching for file changes with StatReloader
INFO 2025-08-09 22:14:53,683 autoreload 7980 17476 Watching for file changes with StatReloader
INFO 2025-08-09 22:26:24,242 autoreload 7980 17476 C:\Users\FATIH\Desktop\safak\safak_backend\users\models.py changed, reloading.
INFO 2025-08-09 22:26:25,315 autoreload 19664 19212 Watching for file changes with StatReloader
INFO 2025-08-09 23:15:27,906 autoreload 19664 19212 C:\Users\FATIH\Desktop\safak\safak_backend\users\models.py changed, reloading.
INFO 2025-08-09 23:15:29,275 autoreload 4592 17352 Watching for file changes with StatReloader
INFO 2025-08-09 23:36:58,347 autoreload 4592 17352 C:\Users\FATIH\Desktop\safak\safak_backend\users\models.py changed, reloading.
INFO 2025-08-09 23:36:59,280 autoreload 13232 21428 Watching for file changes with StatReloader
INFO 2025-08-10 00:43:45,988 autoreload 13232 21428 C:\Users\FATIH\Desktop\safak\safak_backend\users\models.py changed, reloading.
INFO 2025-08-10 00:43:47,009 autoreload 4416 19136 Watching for file changes with StatReloader
INFO 2025-08-10 00:44:09,426 autoreload 4416 19136 C:\Users\FATIH\Desktop\safak\safak_backend\users\models.py changed, reloading.
INFO 2025-08-10 00:44:10,236 autoreload 11480 4492 Watching for file changes with StatReloader
INFO 2025-08-10 00:44:33,739 autoreload 11480 4492 C:\Users\FATIH\Desktop\safak\safak_backend\users\serializers.py changed, reloading.
INFO 2025-08-10 00:44:34,724 autoreload 3884 8176 Watching for file changes with StatReloader
INFO 2025-08-10 00:44:57,187 autoreload 3884 8176 C:\Users\FATIH\Desktop\safak\safak_backend\users\views.py changed, reloading.
INFO 2025-08-10 00:44:57,977 autoreload 20160 19484 Watching for file changes with StatReloader
INFO 2025-08-10 01:07:46,560 autoreload 20160 19484 C:\Users\FATIH\Desktop\safak\safak_backend\users\serializers.py changed, reloading.
INFO 2025-08-10 01:07:47,690 autoreload 19568 18000 Watching for file changes with StatReloader
INFO 2025-08-10 01:07:51,854 autoreload 19568 18000 C:\Users\FATIH\Desktop\safak\safak_backend\users\serializers.py changed, reloading.
INFO 2025-08-10 01:07:53,200 autoreload 2524 19008 Watching for file changes with StatReloader
INFO 2025-08-10 01:08:13,798 autoreload 2524 19008 C:\Users\FATIH\Desktop\safak\safak_backend\users\models.py changed, reloading.
INFO 2025-08-10 01:08:14,709 autoreload 14108 21496 Watching for file changes with StatReloader
INFO 2025-08-10 01:08:27,262 autoreload 14108 21496 C:\Users\FATIH\Desktop\safak\safak_backend\users\serializers.py changed, reloading.
INFO 2025-08-10 01:08:28,179 autoreload 1092 16236 Watching for file changes with StatReloader
INFO 2025-08-10 01:08:34,558 autoreload 1092 16236 C:\Users\FATIH\Desktop\safak\safak_backend\users\views.py changed, reloading.
INFO 2025-08-10 01:08:35,620 autoreload 19952 10332 Watching for file changes with StatReloader
INFO 2025-08-10 01:08:38,955 autoreload 19952 10332 C:\Users\FATIH\Desktop\safak\safak_backend\users\views.py changed, reloading.
INFO 2025-08-10 01:08:39,876 autoreload 8704 7596 Watching for file changes with StatReloader
INFO 2025-08-11 04:11:45,459 autoreload 8704 7596 C:\Users\FATIH\Desktop\safak\safak_backend\opportunities\admin.py changed, reloading.
INFO 2025-08-11 04:11:46,613 autoreload 21836 16616 Watching for file changes with StatReloader
INFO 2025-08-11 04:12:19,325 autoreload 21836 16616 C:\Users\FATIH\Desktop\safak\safak_backend\opportunities\admin.py changed, reloading.
INFO 2025-08-11 04:12:20,340 autoreload 13456 2912 Watching for file changes with StatReloader
INFO 2025-08-11 04:12:30,087 autoreload 13456 2912 C:\Users\FATIH\Desktop\safak\safak_backend\users\admin.py changed, reloading.
INFO 2025-08-11 04:12:31,180 autoreload 13168 12760 Watching for file changes with StatReloader
INFO 2025-08-11 04:31:24,626 autoreload 13168 12760 C:\Users\FATIH\Desktop\safak\safak_backend\users\admin.py changed, reloading.
INFO 2025-08-11 04:31:26,665 autoreload 6316 9568 Watching for file changes with StatReloader
INFO 2025-08-11 04:33:50,180 autoreload 6316 9568 C:\Users\FATIH\Desktop\safak\safak_backend\users\views.py changed, reloading.
INFO 2025-08-11 04:33:51,976 autoreload 17428 18448 Watching for file changes with StatReloader
INFO 2025-08-11 04:40:02,594 autoreload 17428 18448 C:\Users\FATIH\Desktop\safak\safak_backend\users\views.py changed, reloading.
INFO 2025-08-11 04:40:03,286 autoreload 20800 1464 Watching for file changes with StatReloader
INFO 2025-08-11 04:43:40,514 autoreload 20800 1464 C:\Users\FATIH\Desktop\safak\safak_backend\opportunities\admin.py changed, reloading.
INFO 2025-08-11 04:43:41,436 autoreload 20736 3256 Watching for file changes with StatReloader
INFO 2025-08-11 14:44:00,011 autoreload 20736 3256 C:\Users\FATIH\Desktop\safak\safak_backend\users\admin.py changed, reloading.
INFO 2025-08-11 14:44:01,766 autoreload 9268 14780 Watching for file changes with StatReloader
INFO 2025-08-11 14:51:16,124 autoreload 9268 14780 C:\Users\FATIH\Desktop\safak\safak_backend\users\serializers.py changed, reloading.
INFO 2025-08-11 14:51:17,634 autoreload 20932 7980 Watching for file changes with StatReloader
INFO 2025-08-11 14:53:23,455 autoreload 20932 7980 C:\Users\FATIH\Desktop\safak\safak_backend\users\serializers.py changed, reloading.
INFO 2025-08-11 14:53:25,337 autoreload 22444 21196 Watching for file changes with StatReloader
INFO 2025-08-11 14:57:39,148 autoreload 3296 14412 Watching for file changes with StatReloader
INFO 2025-08-11 14:59:09,605 basehttp 22444 10836 "OPTIONS /api/register/ HTTP/1.1" 200 0
WARNING 2025-08-11 14:59:09,644 log 22444 10836 Unauthorized: /api/register/
WARNING 2025-08-11 14:59:09,645 basehttp 22444 10836 "POST /api/register/ HTTP/1.1" 401 207
INFO 2025-08-11 14:59:09,652 basehttp 22444 10836 "OPTIONS /api/token/refresh/ HTTP/1.1" 200 0
INFO 2025-08-11 14:59:09,658 basehttp 22444 10836 "POST /api/token/refresh/ HTTP/1.1" 200 483
WARNING 2025-08-11 14:59:10,727 log 22444 10836 Bad Request: /api/register/
WARNING 2025-08-11 14:59:10,728 basehttp 22444 10836 "POST /api/register/ HTTP/1.1" 400 189
WARNING 2025-08-11 14:59:20,363 log 22444 10836 Bad Request: /api/register/
WARNING 2025-08-11 14:59:20,365 basehttp 22444 10836 "POST /api/register/ HTTP/1.1" 400 189
WARNING 2025-08-11 15:03:00,166 log 22444 10836 Bad Request: /api/register/
WARNING 2025-08-11 15:03:00,167 basehttp 22444 10836 "POST /api/register/ HTTP/1.1" 400 189
INFO 2025-08-11 15:03:25,507 basehttp 22444 10836 "POST /api/register/ HTTP/1.1" 201 917
INFO 2025-08-11 15:03:36,442 basehttp 22444 10836 "OPTIONS /api/opportunities/ HTTP/1.1" 200 0
INFO 2025-08-11 15:03:36,721 basehttp 22444 10836 "GET /api/opportunities/ HTTP/1.1" 200 52
INFO 2025-08-11 16:20:22,895 autoreload 22444 21196 C:\Users\FATIH\Desktop\safak\safak_backend\safak_backend\settings.py changed, reloading.
INFO 2025-08-11 16:20:23,348 autoreload 3296 14412 C:\Users\FATIH\Desktop\safak\safak_backend\safak_backend\settings.py changed, reloading.
INFO 2025-08-11 16:20:23,765 autoreload 14876 14340 Watching for file changes with StatReloader
INFO 2025-08-11 16:20:24,100 autoreload 21068 11124 Watching for file changes with StatReloader
INFO 2025-08-11 16:21:51,756 autoreload 14876 14340 C:\Users\FATIH\Desktop\safak\safak_backend\users\apps.py changed, reloading.
INFO 2025-08-11 16:21:52,034 autoreload 21068 11124 C:\Users\FATIH\Desktop\safak\safak_backend\users\apps.py changed, reloading.
INFO 2025-08-11 16:21:52,568 autoreload 22244 5260 Watching for file changes with StatReloader
INFO 2025-08-11 16:21:52,845 autoreload 10076 12768 Watching for file changes with StatReloader
INFO 2025-08-11 16:22:05,411 autoreload 22244 5260 C:\Users\FATIH\Desktop\safak\safak_backend\users\__init__.py changed, reloading.
INFO 2025-08-11 16:22:05,596 autoreload 10076 12768 C:\Users\FATIH\Desktop\safak\safak_backend\users\__init__.py changed, reloading.
INFO 2025-08-11 16:22:06,437 autoreload 1156 936 Watching for file changes with StatReloader
INFO 2025-08-11 16:22:06,578 autoreload 6648 20012 Watching for file changes with StatReloader
INFO 2025-08-11 16:22:14,876 autoreload 1156 936 C:\Users\FATIH\Desktop\safak\safak_backend\users\serializers.py changed, reloading.
INFO 2025-08-11 16:22:15,014 autoreload 6648 20012 C:\Users\FATIH\Desktop\safak\safak_backend\users\serializers.py changed, reloading.
INFO 2025-08-11 16:22:15,796 autoreload 13296 7564 Watching for file changes with StatReloader
INFO 2025-08-11 16:22:15,955 autoreload 7296 9416 Watching for file changes with StatReloader
INFO 2025-08-11 16:22:31,963 autoreload 13296 7564 C:\Users\FATIH\Desktop\safak\safak_backend\users\views.py changed, reloading.
INFO 2025-08-11 16:22:32,056 autoreload 7296 9416 C:\Users\FATIH\Desktop\safak\safak_backend\users\views.py changed, reloading.
INFO 2025-08-11 16:22:33,152 autoreload 6044 22156 Watching for file changes with StatReloader
INFO 2025-08-11 16:22:33,203 autoreload 21272 3580 Watching for file changes with StatReloader
INFO 2025-08-11 16:22:59,560 autoreload 6044 22156 C:\Users\FATIH\Desktop\safak\safak_backend\users\views.py changed, reloading.
INFO 2025-08-11 16:22:59,627 autoreload 21272 3580 C:\Users\FATIH\Desktop\safak\safak_backend\users\views.py changed, reloading.
INFO 2025-08-11 16:23:00,603 autoreload 14448 19736 Watching for file changes with StatReloader
INFO 2025-08-11 16:23:00,647 autoreload 21080 9256 Watching for file changes with StatReloader
INFO 2025-08-11 16:23:05,497 autoreload 14448 19736 C:\Users\FATIH\Desktop\safak\safak_backend\users\views.py changed, reloading.
INFO 2025-08-11 16:23:05,544 autoreload 21080 9256 C:\Users\FATIH\Desktop\safak\safak_backend\users\views.py changed, reloading.
INFO 2025-08-11 16:23:06,624 autoreload 10780 9792 Watching for file changes with StatReloader
INFO 2025-08-11 16:23:06,662 autoreload 8172 21844 Watching for file changes with StatReloader
INFO 2025-08-11 16:23:14,642 autoreload 10780 9792 C:\Users\FATIH\Desktop\safak\safak_backend\users\apps.py changed, reloading.
INFO 2025-08-11 16:23:14,678 autoreload 8172 21844 C:\Users\FATIH\Desktop\safak\safak_backend\barcodes\admin.py changed, reloading.
INFO 2025-08-11 16:23:15,664 autoreload 5136 6940 Watching for file changes with StatReloader
INFO 2025-08-11 16:23:15,666 autoreload 18256 14420 Watching for file changes with StatReloader
INFO 2025-08-11 16:25:47,778 autoreload 5136 6940 C:\Users\FATIH\Desktop\safak\safak_backend\safak_backend\settings.py changed, reloading.
INFO 2025-08-11 16:25:49,461 autoreload 13260 8860 Watching for file changes with StatReloader
INFO 2025-08-11 16:25:51,143 autoreload 13260 8860 C:\Users\FATIH\Desktop\safak\safak_backend\users\models.py changed, reloading.
INFO 2025-08-11 16:25:52,946 autoreload 3732 20116 Watching for file changes with StatReloader
INFO 2025-08-11 16:27:45,195 autoreload 3732 20116 C:\Users\FATIH\Desktop\safak\safak_backend\users\apps.py changed, reloading.
INFO 2025-08-11 16:27:46,168 autoreload 16700 13260 Watching for file changes with StatReloader
INFO 2025-08-11 16:29:06,192 autoreload 16700 13260 C:\Users\FATIH\Desktop\safak\safak_backend\safak_backend\urls.py changed, reloading.
INFO 2025-08-11 16:29:07,021 autoreload 10924 10792 Watching for file changes with StatReloader
INFO 2025-08-11 16:29:20,061 autoreload 10924 10792 C:\Users\FATIH\Desktop\safak\safak_backend\safak_backend\settings.py changed, reloading.
INFO 2025-08-11 16:29:20,968 autoreload 19160 20980 Watching for file changes with StatReloader
INFO 2025-08-11 16:32:57,071 autoreload 19160 20980 C:\Users\FATIH\Desktop\safak\safak_backend\barcodes\__init__.py changed, reloading.
INFO 2025-08-11 16:32:58,616 autoreload 17152 19736 Watching for file changes with StatReloader
INFO 2025-08-11 16:40:17,313 basehttp 17152 9560 "OPTIONS /api/barcodes/user-barcode/ HTTP/1.1" 200 0
WARNING 2025-08-11 16:40:18,300 log 17152 9560 Not Found: /api/barcodes/user-barcode/
WARNING 2025-08-11 16:40:18,301 basehttp 17152 9560 "GET /api/barcodes/user-barcode/ HTTP/1.1" 404 95
WARNING 2025-08-11 16:41:06,374 log 17152 9560 Not Found: /api/barcodes/user-barcode/
WARNING 2025-08-11 16:41:06,376 basehttp 17152 9560 "GET /api/barcodes/user-barcode/ HTTP/1.1" 404 95
WARNING 2025-08-11 16:41:07,460 log 17152 9560 Not Found: /api/barcodes/user-barcode/
WARNING 2025-08-11 16:41:07,461 basehttp 17152 9560 "GET /api/barcodes/user-barcode/ HTTP/1.1" 404 95
WARNING 2025-08-11 16:41:14,226 log 17152 9560 Not Found: /api/barcodes/user-barcode/
WARNING 2025-08-11 16:41:14,227 basehttp 17152 9560 "GET /api/barcodes/user-barcode/ HTTP/1.1" 404 95
WARNING 2025-08-11 16:41:31,245 log 17152 9560 Not Found: /api/barcodes/user-barcode/
WARNING 2025-08-11 16:41:31,246 basehttp 17152 9560 "GET /api/barcodes/user-barcode/ HTTP/1.1" 404 95
WARNING 2025-08-11 16:41:39,375 log 17152 9560 Not Found: /api/barcodes/user-barcode/
WARNING 2025-08-11 16:41:39,375 basehttp 17152 9560 "GET /api/barcodes/user-barcode/ HTTP/1.1" 404 95
INFO 2025-08-11 16:42:26,666 autoreload 17892 1680 Watching for file changes with StatReloader
WARNING 2025-08-11 16:47:41,053 log 17152 10400 Not Found: /api/barcodes/user-barcode/
WARNING 2025-08-11 16:47:41,054 basehttp 17152 10400 "GET /api/barcodes/user-barcode/ HTTP/1.1" 404 95
WARNING 2025-08-11 16:47:42,408 log 17152 10400 Not Found: /api/barcodes/user-barcode/
WARNING 2025-08-11 16:47:42,408 basehttp 17152 10400 "GET /api/barcodes/user-barcode/ HTTP/1.1" 404 95
INFO 2025-08-11 16:48:19,743 basehttp 17152 10400 "POST /api/register/ HTTP/1.1" 201 812
WARNING 2025-08-11 16:48:20,120 log 17152 10400 Not Found: /api/barcodes/user-barcode/
WARNING 2025-08-11 16:48:20,121 basehttp 17152 10400 "GET /api/barcodes/user-barcode/ HTTP/1.1" 404 95
INFO 2025-08-11 16:49:58,616 autoreload 17892 1680 C:\Users\FATIH\Desktop\safak\safak_backend\barcodes\urls.py changed, reloading.
INFO 2025-08-11 16:49:58,747 autoreload 17152 19736 C:\Users\FATIH\Desktop\safak\safak_backend\barcodes\urls.py changed, reloading.
INFO 2025-08-11 16:49:59,778 autoreload 5856 20232 Watching for file changes with StatReloader
INFO 2025-08-11 16:49:59,954 autoreload 20304 20676 Watching for file changes with StatReloader
INFO 2025-08-11 16:50:06,188 autoreload 20304 20676 C:\Users\FATIH\Desktop\safak\safak_backend\barcodes\views.py changed, reloading.
INFO 2025-08-11 16:50:06,352 autoreload 5856 20232 C:\Users\FATIH\Desktop\safak\safak_backend\barcodes\views.py changed, reloading.
INFO 2025-08-11 16:50:07,302 autoreload 21524 1664 Watching for file changes with StatReloader
INFO 2025-08-11 16:50:07,456 autoreload 5080 21728 Watching for file changes with StatReloader
INFO 2025-08-11 16:50:19,235 autoreload 21524 1664 C:\Users\FATIH\Desktop\safak\safak_backend\barcodes\views.py changed, reloading.
INFO 2025-08-11 16:50:19,494 autoreload 5080 21728 C:\Users\FATIH\Desktop\safak\safak_backend\barcodes\urls.py changed, reloading.
INFO 2025-08-11 16:50:20,589 autoreload 22116 5872 Watching for file changes with StatReloader
INFO 2025-08-11 16:50:20,818 autoreload 19516 14876 Watching for file changes with StatReloader
WARNING 2025-08-11 16:50:58,074 log 22116 14348 Unauthorized: /api/barcodes/user-barcode/
WARNING 2025-08-11 16:50:58,075 basehttp 22116 14348 "GET /api/barcodes/user-barcode/ HTTP/1.1" 401 5143
INFO 2025-08-11 16:50:58,213 basehttp 22116 14348 "GET /static/rest_framework/css/bootstrap.min.css HTTP/1.1" 200 121457
INFO 2025-08-11 16:50:58,215 basehttp 22116 14348 "GET /static/rest_framework/css/prettify.css HTTP/1.1" 200 817
INFO 2025-08-11 16:50:58,218 basehttp 22116 14348 "GET /static/rest_framework/css/default.css HTTP/1.1" 200 1152
INFO 2025-08-11 16:50:58,221 basehttp 22116 14348 "GET /static/rest_framework/js/jquery-3.7.1.min.js HTTP/1.1" 200 87533
INFO 2025-08-11 16:50:58,223 basehttp 22116 14348 "GET /static/rest_framework/js/ajax-form.js HTTP/1.1" 200 3796
INFO 2025-08-11 16:50:58,226 basehttp 22116 14348 "GET /static/rest_framework/js/csrf.js HTTP/1.1" 200 1793
INFO 2025-08-11 16:50:58,230 basehttp 22116 14348 "GET /static/rest_framework/js/bootstrap.min.js HTTP/1.1" 200 39680
INFO 2025-08-11 16:50:58,231 basehttp 22116 9852 "GET /static/rest_framework/css/bootstrap-tweaks.css HTTP/1.1" 200 3426
INFO 2025-08-11 16:50:58,233 basehttp 22116 14348 "GET /static/rest_framework/js/prettify-min.js HTTP/1.1" 200 13632
INFO 2025-08-11 16:50:58,235 basehttp 22116 9852 "GET /static/rest_framework/js/default.js HTTP/1.1" 200 1268
INFO 2025-08-11 16:50:58,236 basehttp 22116 14348 "GET /static/rest_framework/js/load-ajax-form.js HTTP/1.1" 200 59
INFO 2025-08-11 16:50:58,246 basehttp 22116 14348 "GET /static/rest_framework/img/grid.png HTTP/1.1" 200 1458
WARNING 2025-08-11 16:50:58,532 log 22116 14348 Not Found: /favicon.ico
WARNING 2025-08-11 16:50:58,532 basehttp 22116 14348 "GET /favicon.ico HTTP/1.1" 404 2854
WARNING 2025-08-11 16:51:01,682 log 22116 14348 Unauthorized: /api/barcodes/user-barcode/
WARNING 2025-08-11 16:51:01,682 basehttp 22116 14348 "GET /api/barcodes/user-barcode/ HTTP/1.1" 401 5143
WARNING 2025-08-11 16:51:24,411 log 22116 7380 Not Found: /api/barcodes/user-barcode/
WARNING 2025-08-11 16:51:24,412 basehttp 22116 7380 "GET /api/barcodes/user-barcode/ HTTP/1.1" 404 95
INFO 2025-08-11 16:52:31,618 autoreload 22116 5872 C:\Users\FATIH\Desktop\safak\safak_backend\barcodes\views.py changed, reloading.
INFO 2025-08-11 16:52:33,022 autoreload 18132 12820 Watching for file changes with StatReloader
INFO 2025-08-11 16:52:47,177 autoreload 18132 12820 C:\Users\FATIH\Desktop\safak\safak_backend\barcodes\views.py changed, reloading.
INFO 2025-08-11 16:52:48,347 autoreload 12972 18808 Watching for file changes with StatReloader
WARNING 2025-08-11 16:52:58,346 log 12972 14732 Not Found: /api/barcodes/user-barcode/
WARNING 2025-08-11 16:52:58,347 basehttp 12972 14732 "GET /api/barcodes/user-barcode/ HTTP/1.1" 404 130
WARNING 2025-08-11 16:53:04,412 log 12972 14732 Not Found: /api/barcodes/user-barcode/
WARNING 2025-08-11 16:53:04,413 basehttp 12972 14732 "GET /api/barcodes/user-barcode/ HTTP/1.1" 404 130
INFO 2025-08-11 16:53:18,122 autoreload 12972 18808 C:\Users\FATIH\Desktop\safak\safak_backend\barcodes\views.py changed, reloading.
INFO 2025-08-11 16:53:19,291 autoreload 20012 20304 Watching for file changes with StatReloader
WARNING 2025-08-11 16:55:45,166 log 20012 22188 Not Found: /api/barcodes/user-barcode/
WARNING 2025-08-11 16:55:45,167 basehttp 20012 22188 "GET /api/barcodes/user-barcode/ HTTP/1.1" 404 130
INFO 2025-08-11 16:56:57,400 autoreload 20012 20304 C:\Users\FATIH\Desktop\safak\safak_backend\barcodes\views.py changed, reloading.
INFO 2025-08-11 16:56:58,700 autoreload 4640 17572 Watching for file changes with StatReloader
INFO 2025-08-11 16:57:03,786 autoreload 4640 17572 C:\Users\FATIH\Desktop\safak\safak_backend\barcodes\views.py changed, reloading.
INFO 2025-08-11 16:57:04,855 autoreload 13156 13020 Watching for file changes with StatReloader
INFO 2025-08-11 16:57:10,006 autoreload 13156 13020 C:\Users\FATIH\Desktop\safak\safak_backend\barcodes\views.py changed, reloading.
INFO 2025-08-11 16:57:11,067 autoreload 14456 21928 Watching for file changes with StatReloader
INFO 2025-08-11 16:57:16,198 autoreload 14456 21928 C:\Users\FATIH\Desktop\safak\safak_backend\barcodes\views.py changed, reloading.
INFO 2025-08-11 16:57:17,501 autoreload 21344 19536 Watching for file changes with StatReloader
INFO 2025-08-11 16:58:33,533 views 21344 19332 Kullanýcýya barkod atanýyor: 5859554578
WARNING 2025-08-11 16:58:33,694 views 21344 19332 Kullanýcýya barkod atanamadý - müsait barkod yok: 5859554578
WARNING 2025-08-11 16:58:33,696 log 21344 19332 Not Found: /api/barcodes/user-barcode/
WARNING 2025-08-11 16:58:33,697 basehttp 21344 19332 "GET /api/barcodes/user-barcode/ HTTP/1.1" 404 130
INFO 2025-08-11 16:58:37,410 autoreload 21344 19536 C:\Users\FATIH\Desktop\safak\safak_backend\barcodes\views.py changed, reloading.
INFO 2025-08-11 16:58:38,365 autoreload 21780 13232 Watching for file changes with StatReloader
INFO 2025-08-11 16:58:49,936 autoreload 21780 13232 C:\Users\FATIH\Desktop\safak\safak_backend\barcodes\views.py changed, reloading.
INFO 2025-08-11 16:58:50,839 autoreload 19900 8680 Watching for file changes with StatReloader
INFO 2025-08-11 16:59:00,397 views 19900 19336 Kullanýcýya barkod atanýyor: 5859554578
WARNING 2025-08-11 16:59:00,578 views 19900 19336 Kullanýcýya barkod atanamadý - müsait barkod yok: 5859554578
WARNING 2025-08-11 16:59:00,580 log 19900 19336 Not Found: /api/barcodes/user-barcode/
WARNING 2025-08-11 16:59:00,580 basehttp 19900 19336 "GET /api/barcodes/user-barcode/ HTTP/1.1" 404 130
INFO 2025-08-11 16:59:35,340 basehttp 19900 7856 "GET /admin/ HTTP/1.1" 302 0
INFO 2025-08-11 16:59:35,382 basehttp 19900 7856 "GET /admin/login/?next=/admin/ HTTP/1.1" 200 2237
INFO 2025-08-11 16:59:35,502 basehttp 19900 7856 "GET /static/admin/css/base.css HTTP/1.1" 200 20344
INFO 2025-08-11 16:59:35,510 basehttp 19900 21196 "GET /static/admin/css/dark_mode.css HTTP/1.1" 200 796
INFO 2025-08-11 16:59:35,512 basehttp 19900 7120 "GET /static/admin/css/login.css HTTP/1.1" 200 958
INFO 2025-08-11 16:59:35,512 basehttp 19900 8076 "GET /static/admin/js/nav_sidebar.js HTTP/1.1" 200 3763
INFO 2025-08-11 16:59:35,513 basehttp 19900 7856 "GET /static/admin/css/responsive.css HTTP/1.1" 200 18854
INFO 2025-08-11 16:59:35,513 basehttp 19900 19084 "GET /static/admin/css/nav_sidebar.css HTTP/1.1" 200 2619
INFO 2025-08-11 16:59:35,537 basehttp 19900 19084 "GET /static/admin/css/fonts.css HTTP/1.1" 200 423
INFO 2025-08-11 16:59:35,598 basehttp 19900 19084 "GET /static/admin/fonts/Roboto-Regular-webfont.woff HTTP/1.1" 200 85876
INFO 2025-08-11 16:59:35,598 basehttp 19900 8076 "GET /static/admin/fonts/Roboto-Light-webfont.woff HTTP/1.1" 200 85692
WARNING 2025-08-11 16:59:35,817 log 19900 8076 Not Found: /favicon.ico
WARNING 2025-08-11 16:59:35,818 basehttp 19900 8076 "GET /favicon.ico HTTP/1.1" 404 2854
INFO 2025-08-11 17:00:14,322 basehttp 19900 8076 "POST /admin/login/?next=/admin/ HTTP/1.1" 302 0
INFO 2025-08-11 17:00:14,876 basehttp 19900 8076 "GET /admin/ HTTP/1.1" 200 6715
INFO 2025-08-11 17:00:14,982 basehttp 19900 8076 "GET /static/admin/css/dashboard.css HTTP/1.1" 200 380
INFO 2025-08-11 17:00:15,020 basehttp 19900 8076 "GET /static/admin/img/icon-addlink.svg HTTP/1.1" 200 331
INFO 2025-08-11 17:00:15,020 basehttp 19900 19084 "GET /static/admin/img/icon-changelink.svg HTTP/1.1" 200 380
INFO 2025-08-11 17:00:15,038 basehttp 19900 7856 "GET /static/admin/fonts/Roboto-Bold-webfont.woff HTTP/1.1" 200 86184
INFO 2025-08-11 17:00:16,910 basehttp 19900 7856 "GET /admin/barcodes/userbarcode/ HTTP/1.1" 200 8971
INFO 2025-08-11 17:00:16,969 basehttp 19900 7856 "GET /static/admin/css/changelists.css HTTP/1.1" 200 6395
INFO 2025-08-11 17:00:17,008 basehttp 19900 21196 "GET /static/admin/js/core.js HTTP/1.1" 200 5698
INFO 2025-08-11 17:00:17,008 basehttp 19900 7120 "GET /static/admin/js/jquery.init.js HTTP/1.1" 200 347
INFO 2025-08-11 17:00:17,009 basehttp 19900 7856 "GET /static/admin/js/actions.js HTTP/1.1" 200 7872
INFO 2025-08-11 17:00:17,010 basehttp 19900 3952 "GET /static/admin/js/admin/RelatedObjectLookups.js HTTP/1.1" 200 8985
INFO 2025-08-11 17:00:17,016 basehttp 19900 7120 "GET /static/admin/js/prepopulate.js HTTP/1.1" 200 1531
INFO 2025-08-11 17:00:17,017 basehttp 19900 21196 "GET /static/admin/js/urlify.js HTTP/1.1" 200 7902
INFO 2025-08-11 17:00:17,021 basehttp 19900 8076 "GET /static/admin/js/vendor/jquery/jquery.js HTTP/1.1" 200 288580
INFO 2025-08-11 17:00:17,023 basehttp 19900 3952 "GET /static/admin/img/search.svg HTTP/1.1" 200 458
INFO 2025-08-11 17:00:17,023 basehttp 19900 7856 "GET /static/admin/js/vendor/xregexp/xregexp.js HTTP/1.1" 200 232381
INFO 2025-08-11 17:00:17,032 basehttp 19900 3952 "GET /static/admin/js/filters.js HTTP/1.1" 200 966
INFO 2025-08-11 17:00:17,940 basehttp 19900 19084 "GET /admin/jsi18n/ HTTP/1.1" 200 8048
INFO 2025-08-11 17:00:17,962 basehttp 19900 19084 "GET /static/admin/img/tooltag-add.svg HTTP/1.1" 200 331
INFO 2025-08-11 17:00:20,688 basehttp 19900 19084 "GET /admin/barcodes/campaignbarcode/ HTTP/1.1" 200 85020
INFO 2025-08-11 17:00:20,774 basehttp 19900 3952 "GET /static/admin/img/icon-no.svg HTTP/1.1" 200 560
INFO 2025-08-11 17:00:20,796 basehttp 19900 7856 "GET /static/admin/img/icon-yes.svg HTTP/1.1" 200 436
INFO 2025-08-11 17:00:20,815 basehttp 19900 7856 "GET /media/barcodes/barcode_446450_KLtbND7.png HTTP/1.1" 200 3616
INFO 2025-08-11 17:00:20,830 basehttp 19900 7856 "GET /media/barcodes/barcode_455788_1j38zz6.png HTTP/1.1" 200 3290
INFO 2025-08-11 17:00:20,847 basehttp 19900 7856 "GET /media/barcodes/barcode_184671_Bhm82eA.png HTTP/1.1" 200 3752
INFO 2025-08-11 17:00:20,864 basehttp 19900 7856 "GET /media/barcodes/barcode_724170_mx49sGY.png HTTP/1.1" 200 3489
INFO 2025-08-11 17:00:20,883 basehttp 19900 7856 "GET /media/barcodes/barcode_073747_SnlQlyf.png HTTP/1.1" 200 3476
INFO 2025-08-11 17:00:20,899 basehttp 19900 7856 "GET /media/barcodes/barcode_084766_uIoofDC.png HTTP/1.1" 200 4211
INFO 2025-08-11 17:00:20,917 basehttp 19900 7856 "GET /media/barcodes/barcode_600946_izDSGlw.png HTTP/1.1" 200 3968
INFO 2025-08-11 17:00:20,930 basehttp 19900 7856 "GET /media/barcodes/barcode_166872_OB4eknb.png HTTP/1.1" 200 3865
INFO 2025-08-11 17:00:20,943 basehttp 19900 7856 "GET /media/barcodes/barcode_216542_TEGRhmN.png HTTP/1.1" 200 3554
INFO 2025-08-11 17:00:20,956 basehttp 19900 7856 "GET /media/barcodes/barcode_777594_ggJ0QQT.png HTTP/1.1" 200 3161
INFO 2025-08-11 17:00:20,969 basehttp 19900 7856 "GET /media/barcodes/barcode_117818_NQYc5Oq.png HTTP/1.1" 200 2721
INFO 2025-08-11 17:00:20,983 basehttp 19900 7856 "GET /media/barcodes/barcode_980557_eziWTX9.png HTTP/1.1" 200 4266
INFO 2025-08-11 17:00:20,997 basehttp 19900 7856 "GET /media/barcodes/barcode_080800_iKsyG5t.png HTTP/1.1" 200 2885
INFO 2025-08-11 17:00:21,011 basehttp 19900 7856 "GET /media/barcodes/barcode_249323_Yb9RjVy.png HTTP/1.1" 200 3537
INFO 2025-08-11 17:00:21,027 basehttp 19900 7856 "GET /media/barcodes/barcode_153337_ppUiRgc.png HTTP/1.1" 200 2734
INFO 2025-08-11 17:00:21,040 basehttp 19900 7856 "GET /media/barcodes/barcode_078625_tI10WG9.png HTTP/1.1" 200 4633
INFO 2025-08-11 17:00:21,056 basehttp 19900 7856 "GET /media/barcodes/barcode_945113_iRihqlM.png HTTP/1.1" 200 3617
INFO 2025-08-11 17:00:21,070 basehttp 19900 7856 "GET /media/barcodes/barcode_703983_c2f9YNm.png HTTP/1.1" 200 4451
INFO 2025-08-11 17:00:21,084 basehttp 19900 7856 "GET /media/barcodes/barcode_914586_uCTKp53.png HTTP/1.1" 200 4449
INFO 2025-08-11 17:00:21,097 basehttp 19900 7856 "GET /media/barcodes/barcode_609126_bLR35E5.png HTTP/1.1" 200 4190
INFO 2025-08-11 17:00:21,111 basehttp 19900 7856 "GET /media/barcodes/barcode_405752_5OTLw8n.png HTTP/1.1" 200 3731
INFO 2025-08-11 17:00:21,126 basehttp 19900 7856 "GET /media/barcodes/barcode_659691_pmeZyQG.png HTTP/1.1" 200 3487
INFO 2025-08-11 17:00:21,140 basehttp 19900 7856 "GET /media/barcodes/barcode_194599_C5b0sYm.png HTTP/1.1" 200 3077
INFO 2025-08-11 17:00:21,153 basehttp 19900 7856 "GET /media/barcodes/barcode_335031_ms8atVX.png HTTP/1.1" 200 3207
INFO 2025-08-11 17:00:21,167 basehttp 19900 7856 "GET /media/barcodes/barcode_034874_MzgWg0k.png HTTP/1.1" 200 4114
INFO 2025-08-11 17:00:21,181 basehttp 19900 7856 "GET /media/barcodes/barcode_675348_AmP7NPq.png HTTP/1.1" 200 4468
INFO 2025-08-11 17:00:21,194 basehttp 19900 7856 "GET /media/barcodes/barcode_343424_sl13AEV.png HTTP/1.1" 200 2760
INFO 2025-08-11 17:00:21,207 basehttp 19900 7856 "GET /media/barcodes/barcode_856211_KWutfvb.png HTTP/1.1" 200 3902
INFO 2025-08-11 17:00:21,220 basehttp 19900 7856 "GET /media/barcodes/barcode_481183_pdUftOj.png HTTP/1.1" 200 3274
INFO 2025-08-11 17:00:21,234 basehttp 19900 7856 "GET /media/barcodes/barcode_678914_OR83efm.png HTTP/1.1" 200 4430
INFO 2025-08-11 17:00:21,247 basehttp 19900 7856 "GET /media/barcodes/barcode_875432_2dWmZQo.png HTTP/1.1" 200 4214
INFO 2025-08-11 17:00:21,260 basehttp 19900 7856 "GET /media/barcodes/barcode_327663_NYlVqvq.png HTTP/1.1" 200 3555
INFO 2025-08-11 17:00:21,274 basehttp 19900 7856 "GET /media/barcodes/barcode_320355_e58jIIj.png HTTP/1.1" 200 3495
INFO 2025-08-11 17:00:21,287 basehttp 19900 7856 "GET /media/barcodes/barcode_402564_E6F06MR.png HTTP/1.1" 200 4098
INFO 2025-08-11 17:00:21,300 basehttp 19900 7856 "GET /media/barcodes/barcode_433789_1R7gQaj.png HTTP/1.1" 200 4103
INFO 2025-08-11 17:00:21,313 basehttp 19900 7856 "GET /media/barcodes/barcode_064058_u0a84Ir.png HTTP/1.1" 200 4278
INFO 2025-08-11 17:00:21,327 basehttp 19900 7856 "GET /media/barcodes/barcode_859359_AQ3jMGI.png HTTP/1.1" 200 3857
INFO 2025-08-11 17:00:21,339 basehttp 19900 7856 "GET /media/barcodes/barcode_051429_fIBa2ZL.png HTTP/1.1" 200 4130
INFO 2025-08-11 17:00:21,354 basehttp 19900 7856 "GET /media/barcodes/barcode_082685_0cJymmE.png HTTP/1.1" 200 4350
INFO 2025-08-11 17:00:21,367 basehttp 19900 7856 "GET /media/barcodes/barcode_455613_RWVpADs.png HTTP/1.1" 200 3562
INFO 2025-08-11 17:00:21,381 basehttp 19900 7856 "GET /media/barcodes/barcode_000720_oF6GiGU.png HTTP/1.1" 200 2939
INFO 2025-08-11 17:00:21,396 basehttp 19900 7856 "GET /media/barcodes/barcode_748888_1HGCzbj.png HTTP/1.1" 200 2779
INFO 2025-08-11 17:00:21,409 basehttp 19900 7856 "GET /media/barcodes/barcode_046271_ohtOtjp.png HTTP/1.1" 200 4092
INFO 2025-08-11 17:00:21,423 basehttp 19900 7856 "GET /media/barcodes/barcode_209615_SLt29Sm.png HTTP/1.1" 200 4528
INFO 2025-08-11 17:00:21,430 basehttp 19900 19084 "GET /admin/jsi18n/ HTTP/1.1" 200 8048
INFO 2025-08-11 17:00:21,439 basehttp 19900 7856 "GET /media/barcodes/barcode_351892_17EIl64.png HTTP/1.1" 200 4387
INFO 2025-08-11 17:00:21,446 basehttp 19900 19084 "GET /media/barcodes/barcode_562371_JQGZbRJ.png HTTP/1.1" 200 3972
INFO 2025-08-11 17:00:21,487 basehttp 19900 8076 "GET /media/barcodes/barcode_626721_qtpQ95f.png HTTP/1.1" 200 3114
INFO 2025-08-11 17:00:21,488 basehttp 19900 7856 "GET /media/barcodes/barcode_483878_YTm8QbJ.png HTTP/1.1" 200 3485
INFO 2025-08-11 17:00:21,488 basehttp 19900 19084 "GET /media/barcodes/barcode_867407_ZvlViwE.png HTTP/1.1" 200 4255
INFO 2025-08-11 17:00:21,490 basehttp 19900 3952 "GET /media/barcodes/barcode_986866_SXqCU1f.png HTTP/1.1" 200 3615
INFO 2025-08-11 17:00:21,491 basehttp 19900 7120 "GET /media/barcodes/barcode_468769_ziHJ0Tr.png HTTP/1.1" 200 4233
INFO 2025-08-11 17:00:21,491 basehttp 19900 21196 "GET /media/barcodes/barcode_442290_vN0dSe2.png HTTP/1.1" 200 3542
INFO 2025-08-11 17:00:21,513 basehttp 19900 8076 "GET /media/barcodes/barcode_691390_8CX2PVr.png HTTP/1.1" 200 4308
INFO 2025-08-11 17:00:21,513 basehttp 19900 7120 "GET /media/barcodes/barcode_582256_Hu9LlRV.png HTTP/1.1" 200 3782
INFO 2025-08-11 17:00:21,514 basehttp 19900 3952 "GET /media/barcodes/barcode_013405_5ReH0DR.png HTTP/1.1" 200 3657
INFO 2025-08-11 17:00:21,514 basehttp 19900 19084 "GET /media/barcodes/barcode_662307_gCMbObr.png HTTP/1.1" 200 4163
INFO 2025-08-11 17:00:21,514 basehttp 19900 7856 "GET /media/barcodes/barcode_547400_WrJAuVl.png HTTP/1.1" 200 3206
INFO 2025-08-11 17:00:21,517 basehttp 19900 21196 "GET /media/barcodes/barcode_961428_VxqSe52.png HTTP/1.1" 200 4450
INFO 2025-08-11 17:00:21,535 basehttp 19900 8076 "GET /static/admin/img/sorting-icons.svg HTTP/1.1" 200 1097
INFO 2025-08-11 17:00:21,535 basehttp 19900 19084 "GET /media/barcodes/barcode_666867_3UjRatD.png HTTP/1.1" 200 3275
INFO 2025-08-11 17:00:21,543 basehttp 19900 21196 "GET /media/barcodes/barcode_155264_4ruP27E.png HTTP/1.1" 200 3488
INFO 2025-08-11 17:00:21,543 basehttp 19900 7120 "GET /media/barcodes/barcode_140869_yyAf41w.png HTTP/1.1" 200 4702
INFO 2025-08-11 17:00:21,544 basehttp 19900 7856 "GET /media/barcodes/barcode_947226_HohSsma.png HTTP/1.1" 200 3927
INFO 2025-08-11 17:00:21,545 basehttp 19900 3952 "GET /media/barcodes/barcode_160904_yc1QfyF.png HTTP/1.1" 200 4001
INFO 2025-08-11 17:00:21,559 basehttp 19900 19084 "GET /media/barcodes/barcode_701171_AaUJay4.png HTTP/1.1" 200 2668
INFO 2025-08-11 17:00:21,560 basehttp 19900 8076 "GET /media/barcodes/barcode_468465_ZNPz7xP.png HTTP/1.1" 200 3671
INFO 2025-08-11 17:00:21,569 basehttp 19900 7856 "GET /media/barcodes/barcode_895852_v143Q99.png HTTP/1.1" 200 3849
INFO 2025-08-11 17:00:21,569 basehttp 19900 3952 "GET /media/barcodes/barcode_591493_jNlcDVd.png HTTP/1.1" 200 3605
INFO 2025-08-11 17:00:21,570 basehttp 19900 7120 "GET /media/barcodes/barcode_892990_TFK8s8y.png HTTP/1.1" 200 4055
INFO 2025-08-11 17:00:21,570 basehttp 19900 21196 "GET /media/barcodes/barcode_059583_3sSxvu6.png HTTP/1.1" 200 4471
INFO 2025-08-11 17:00:21,585 basehttp 19900 19084 "GET /media/barcodes/barcode_245282_nctEKax.png HTTP/1.1" 200 3349
INFO 2025-08-11 17:00:21,586 basehttp 19900 8076 "GET /media/barcodes/barcode_573241_jscWwix.png HTTP/1.1" 200 3617
INFO 2025-08-11 17:00:21,596 basehttp 19900 21196 "GET /media/barcodes/barcode_576253_FUNdFs3.png HTTP/1.1" 200 3900
INFO 2025-08-11 17:00:21,596 basehttp 19900 7120 "GET /media/barcodes/barcode_442786_JBpiryk.png HTTP/1.1" 200 3987
INFO 2025-08-11 17:00:21,597 basehttp 19900 3952 "GET /media/barcodes/barcode_018538_Cg5CdRj.png HTTP/1.1" 200 3957
INFO 2025-08-11 17:00:21,597 basehttp 19900 7856 "GET /media/barcodes/barcode_158615_B2UMGAs.png HTTP/1.1" 200 3484
INFO 2025-08-11 17:00:21,608 basehttp 19900 19084 "GET /media/barcodes/barcode_756681_RkmfELI.png HTTP/1.1" 200 3725
INFO 2025-08-11 17:00:21,608 basehttp 19900 8076 "GET /media/barcodes/barcode_197085_civkiE9.png HTTP/1.1" 200 4385
INFO 2025-08-11 17:00:21,620 basehttp 19900 3952 "GET /media/barcodes/barcode_250344_zo410Xv.png HTTP/1.1" 200 3891
INFO 2025-08-11 17:00:21,620 basehttp 19900 7856 "GET /media/barcodes/barcode_475198_InSaWjG.png HTTP/1.1" 200 4090
INFO 2025-08-11 17:00:21,620 basehttp 19900 21196 "GET /media/barcodes/barcode_464001_YDxgPjn.png HTTP/1.1" 200 3347
INFO 2025-08-11 17:00:21,621 basehttp 19900 7120 "GET /media/barcodes/barcode_147414_u6eFOpd.png HTTP/1.1" 200 2158
INFO 2025-08-11 17:00:21,632 basehttp 19900 19084 "GET /media/barcodes/barcode_842866_8TtgUw7.png HTTP/1.1" 200 3664
INFO 2025-08-11 17:00:21,632 basehttp 19900 8076 "GET /media/barcodes/barcode_101298_BTWiSP3.png HTTP/1.1" 200 4237
INFO 2025-08-11 17:00:21,647 basehttp 19900 7856 "GET /media/barcodes/barcode_058383_TmTCV3e.png HTTP/1.1" 200 3715
INFO 2025-08-11 17:00:21,647 basehttp 19900 7120 "GET /media/barcodes/barcode_732891_gTzOWNd.png HTTP/1.1" 200 4296
INFO 2025-08-11 17:00:21,648 basehttp 19900 21196 "GET /media/barcodes/barcode_683592_v1YVEAr.png HTTP/1.1" 200 4862
INFO 2025-08-11 17:00:21,648 basehttp 19900 3952 "GET /media/barcodes/barcode_709108_jZ2TvdP.png HTTP/1.1" 200 4166
INFO 2025-08-11 17:00:21,656 basehttp 19900 8076 "GET /media/barcodes/barcode_748416_ZmJ9ACe.png HTTP/1.1" 200 3741
INFO 2025-08-11 17:00:21,656 basehttp 19900 19084 "GET /media/barcodes/barcode_392586_rzk3bdL.png HTTP/1.1" 200 4833
INFO 2025-08-11 17:00:21,667 basehttp 19900 7856 "GET /media/barcodes/barcode_648627_WbmcRxj.png HTTP/1.1" 200 4010
INFO 2025-08-11 17:00:21,673 basehttp 19900 3952 "GET /media/barcodes/barcode_122475_1kwj6Un.png HTTP/1.1" 200 3046
INFO 2025-08-11 17:00:21,673 basehttp 19900 21196 "GET /media/barcodes/barcode_133390_XcqohrT.png HTTP/1.1" 200 3454
INFO 2025-08-11 17:00:21,674 basehttp 19900 7120 "GET /media/barcodes/barcode_323570_nUFuBQp.png HTTP/1.1" 200 3790
INFO 2025-08-11 17:00:21,682 basehttp 19900 19084 "GET /media/barcodes/barcode_908731_n6unQoK.png HTTP/1.1" 200 4564
INFO 2025-08-11 17:00:21,682 basehttp 19900 8076 "GET /media/barcodes/barcode_503278_DUNm7Vi.png HTTP/1.1" 200 4452
INFO 2025-08-11 17:00:21,689 basehttp 19900 7856 "GET /media/barcodes/barcode_202484_fwBQKmO.png HTTP/1.1" 200 3610
INFO 2025-08-11 17:00:21,697 basehttp 19900 7120 "GET /media/barcodes/barcode_151553_WPAzmJ4.png HTTP/1.1" 200 2515
INFO 2025-08-11 17:00:21,697 basehttp 19900 3952 "GET /media/barcodes/barcode_413280_26yU6ur.png HTTP/1.1" 200 4344
INFO 2025-08-11 17:00:21,697 basehttp 19900 21196 "GET /media/barcodes/barcode_873241_zxSEH8Q.png HTTP/1.1" 200 3945
INFO 2025-08-11 17:00:21,701 basehttp 19900 8076 "GET /media/barcodes/barcode_580925_yeisz4N.png HTTP/1.1" 200 4347
INFO 2025-08-11 17:00:32,979 basehttp 19900 8076 "GET /admin/barcodes/campaignbarcode/500/change/ HTTP/1.1" 200 11945
INFO 2025-08-11 17:00:33,042 basehttp 19900 8076 "GET /static/admin/css/forms.css HTTP/1.1" 200 8944
INFO 2025-08-11 17:00:33,075 basehttp 19900 8076 "GET /static/admin/js/prepopulate_init.js HTTP/1.1" 200 586
INFO 2025-08-11 17:00:33,084 basehttp 19900 8076 "GET /static/admin/css/widgets.css HTTP/1.1" 200 11297
INFO 2025-08-11 17:00:33,089 basehttp 19900 8076 "GET /static/admin/js/change_form.js HTTP/1.1" 200 606
INFO 2025-08-11 17:00:34,309 basehttp 19900 21196 "GET /admin/jsi18n/ HTTP/1.1" 200 8048
INFO 2025-08-11 17:00:46,087 basehttp 19900 21196 "GET /admin/barcodes/campaignbarcode/ HTTP/1.1" 200 85020
INFO 2025-08-11 17:03:09,692 autoreload 19900 8680 C:\Users\FATIH\Desktop\safak\safak_backend\users\signals.py changed, reloading.
INFO 2025-08-11 17:03:10,628 autoreload 16632 18056 Watching for file changes with StatReloader
INFO 2025-08-11 17:03:27,823 autoreload 16632 18056 C:\Users\FATIH\Desktop\safak\safak_backend\users\signals.py changed, reloading.
INFO 2025-08-11 17:03:28,766 autoreload 4492 15932 Watching for file changes with StatReloader
INFO 2025-08-11 17:03:44,755 autoreload 4492 15932 C:\Users\FATIH\Desktop\safak\safak_backend\users\signals.py changed, reloading.
INFO 2025-08-11 17:03:45,701 autoreload 10864 6244 Watching for file changes with StatReloader
INFO 2025-08-11 17:04:35,406 views 10864 10628 Kullanýcýya barkod atanýyor: 5859554578
WARNING 2025-08-11 17:04:35,563 views 10864 10628 Kullanýcýya barkod atanamadý - müsait barkod yok: 5859554578
WARNING 2025-08-11 17:04:35,564 log 10864 10628 Not Found: /api/barcodes/user-barcode/
WARNING 2025-08-11 17:04:35,564 basehttp 10864 10628 "GET /api/barcodes/user-barcode/ HTTP/1.1" 404 130
INFO 2025-08-11 17:05:25,865 autoreload 10864 6244 C:\Users\FATIH\Desktop\safak\safak_backend\barcodes\models.py changed, reloading.
INFO 2025-08-11 17:05:26,653 autoreload 20548 20396 Watching for file changes with StatReloader
INFO 2025-08-11 17:05:38,179 autoreload 20548 20396 C:\Users\FATIH\Desktop\safak\safak_backend\barcodes\models.py changed, reloading.
INFO 2025-08-11 17:05:38,964 autoreload 20252 13344 Watching for file changes with StatReloader
INFO 2025-08-11 17:08:42,068 views 20252 15616 Kullanýcýya barkod atanýyor: 5859554578
INFO 2025-08-11 17:08:42,409 models 20252 15616 ASSIGN: Aktif kampanya: YOK
WARNING 2025-08-11 17:08:42,410 models 20252 15616 ASSIGN: Aktif kampanya bulunamadý
WARNING 2025-08-11 17:08:42,410 views 20252 15616 Kullanýcýya barkod atanamadý - müsait barkod yok: 5859554578
WARNING 2025-08-11 17:08:42,410 log 20252 15616 Not Found: /api/barcodes/user-barcode/
WARNING 2025-08-11 17:08:42,410 basehttp 20252 15616 "GET /api/barcodes/user-barcode/ HTTP/1.1" 404 130
INFO 2025-08-11 17:09:02,582 views 20252 15616 Kullanýcýya barkod atanýyor: 5859554578
INFO 2025-08-11 17:09:02,960 models 20252 15616 ASSIGN: Aktif kampanya: YOK
WARNING 2025-08-11 17:09:02,960 models 20252 15616 ASSIGN: Aktif kampanya bulunamadý
WARNING 2025-08-11 17:09:02,960 views 20252 15616 Kullanýcýya barkod atanamadý - müsait barkod yok: 5859554578
WARNING 2025-08-11 17:09:02,961 log 20252 15616 Not Found: /api/barcodes/user-barcode/
WARNING 2025-08-11 17:09:02,961 basehttp 20252 15616 "GET /api/barcodes/user-barcode/ HTTP/1.1" 404 130
INFO 2025-08-11 17:10:00,212 basehttp 20252 14380 "GET /admin/barcodes/campaignbarcode/500/change/ HTTP/1.1" 200 11945
INFO 2025-08-11 17:10:00,321 basehttp 20252 14624 "GET /media/barcodes/barcode_446450_KLtbND7.png HTTP/1.1" 304 0
INFO 2025-08-11 17:10:00,569 basehttp 20252 14380 "GET /admin/jsi18n/ HTTP/1.1" 200 8048
WARNING 2025-08-11 17:10:00,864 log 20252 14380 Not Found: /favicon.ico
WARNING 2025-08-11 17:10:00,865 basehttp 20252 14380 "GET /favicon.ico HTTP/1.1" 404 2854
INFO 2025-08-11 17:10:08,339 basehttp 20252 14380 "GET /admin/barcodes/campaign/ HTTP/1.1" 200 9745
INFO 2025-08-11 17:10:09,215 basehttp 20252 14380 "GET /admin/jsi18n/ HTTP/1.1" 200 8048
INFO 2025-08-11 17:10:13,783 basehttp 20252 14380 "GET /admin/barcodes/campaign/add/ HTTP/1.1" 200 10977
INFO 2025-08-11 17:10:13,920 basehttp 20252 14624 "GET /static/admin/js/calendar.js HTTP/1.1" 200 8466
INFO 2025-08-11 17:10:13,930 basehttp 20252 8516 "GET /static/admin/js/admin/DateTimeShortcuts.js HTTP/1.1" 200 19379
INFO 2025-08-11 17:10:14,375 basehttp 20252 14380 "GET /admin/jsi18n/ HTTP/1.1" 200 8048
INFO 2025-08-11 17:10:14,452 basehttp 20252 8516 "GET /static/admin/img/icon-clock.svg HTTP/1.1" 200 677
INFO 2025-08-11 17:10:14,452 basehttp 20252 14380 "GET /static/admin/img/icon-calendar.svg HTTP/1.1" 200 1086
INFO 2025-08-11 17:10:20,439 basehttp 20252 8516 "GET /admin/barcodes/campaignbarcode/add/ HTTP/1.1" 200 11074
INFO 2025-08-11 17:10:20,991 basehttp 20252 8516 "GET /admin/jsi18n/ HTTP/1.1" 200 8048
INFO 2025-08-11 17:10:24,166 basehttp 20252 8516 "GET /admin/barcodes/campaignbarcode/ HTTP/1.1" 200 85020
INFO 2025-08-11 17:10:24,264 basehttp 20252 14380 "GET /media/barcodes/barcode_455788_1j38zz6.png HTTP/1.1" 304 0
INFO 2025-08-11 17:10:24,269 basehttp 20252 14380 "GET /media/barcodes/barcode_184671_Bhm82eA.png HTTP/1.1" 304 0
INFO 2025-08-11 17:10:24,274 basehttp 20252 14380 "GET /media/barcodes/barcode_724170_mx49sGY.png HTTP/1.1" 304 0
INFO 2025-08-11 17:10:24,281 basehttp 20252 14380 "GET /media/barcodes/barcode_073747_SnlQlyf.png HTTP/1.1" 304 0
INFO 2025-08-11 17:10:24,285 basehttp 20252 14380 "GET /media/barcodes/barcode_084766_uIoofDC.png HTTP/1.1" 304 0
INFO 2025-08-11 17:10:24,291 basehttp 20252 14380 "GET /media/barcodes/barcode_600946_izDSGlw.png HTTP/1.1" 304 0
INFO 2025-08-11 17:10:24,296 basehttp 20252 14380 "GET /media/barcodes/barcode_166872_OB4eknb.png HTTP/1.1" 304 0
INFO 2025-08-11 17:10:24,301 basehttp 20252 14380 "GET /media/barcodes/barcode_216542_TEGRhmN.png HTTP/1.1" 304 0
INFO 2025-08-11 17:10:24,305 basehttp 20252 14380 "GET /media/barcodes/barcode_777594_ggJ0QQT.png HTTP/1.1" 304 0
INFO 2025-08-11 17:10:24,309 basehttp 20252 14380 "GET /media/barcodes/barcode_117818_NQYc5Oq.png HTTP/1.1" 304 0
INFO 2025-08-11 17:10:24,313 basehttp 20252 14380 "GET /media/barcodes/barcode_980557_eziWTX9.png HTTP/1.1" 304 0
INFO 2025-08-11 17:10:24,318 basehttp 20252 14380 "GET /media/barcodes/barcode_080800_iKsyG5t.png HTTP/1.1" 304 0
INFO 2025-08-11 17:10:24,323 basehttp 20252 14380 "GET /media/barcodes/barcode_249323_Yb9RjVy.png HTTP/1.1" 304 0
INFO 2025-08-11 17:10:24,328 basehttp 20252 14380 "GET /media/barcodes/barcode_153337_ppUiRgc.png HTTP/1.1" 304 0
INFO 2025-08-11 17:10:24,333 basehttp 20252 14380 "GET /media/barcodes/barcode_078625_tI10WG9.png HTTP/1.1" 304 0
INFO 2025-08-11 17:10:24,338 basehttp 20252 14380 "GET /media/barcodes/barcode_945113_iRihqlM.png HTTP/1.1" 304 0
INFO 2025-08-11 17:10:24,342 basehttp 20252 14380 "GET /media/barcodes/barcode_703983_c2f9YNm.png HTTP/1.1" 304 0
INFO 2025-08-11 17:10:24,346 basehttp 20252 14380 "GET /media/barcodes/barcode_914586_uCTKp53.png HTTP/1.1" 304 0
INFO 2025-08-11 17:10:24,351 basehttp 20252 14380 "GET /media/barcodes/barcode_609126_bLR35E5.png HTTP/1.1" 304 0
INFO 2025-08-11 17:10:24,356 basehttp 20252 14380 "GET /media/barcodes/barcode_405752_5OTLw8n.png HTTP/1.1" 304 0
INFO 2025-08-11 17:10:24,361 basehttp 20252 14380 "GET /media/barcodes/barcode_659691_pmeZyQG.png HTTP/1.1" 304 0
INFO 2025-08-11 17:10:24,366 basehttp 20252 14380 "GET /media/barcodes/barcode_194599_C5b0sYm.png HTTP/1.1" 304 0
INFO 2025-08-11 17:10:24,371 basehttp 20252 14380 "GET /media/barcodes/barcode_335031_ms8atVX.png HTTP/1.1" 304 0
INFO 2025-08-11 17:10:24,376 basehttp 20252 14380 "GET /media/barcodes/barcode_034874_MzgWg0k.png HTTP/1.1" 304 0
INFO 2025-08-11 17:10:24,382 basehttp 20252 14380 "GET /media/barcodes/barcode_675348_AmP7NPq.png HTTP/1.1" 304 0
INFO 2025-08-11 17:10:24,390 basehttp 20252 14380 "GET /media/barcodes/barcode_343424_sl13AEV.png HTTP/1.1" 304 0
INFO 2025-08-11 17:10:24,395 basehttp 20252 14380 "GET /media/barcodes/barcode_856211_KWutfvb.png HTTP/1.1" 304 0
INFO 2025-08-11 17:10:24,399 basehttp 20252 14380 "GET /media/barcodes/barcode_481183_pdUftOj.png HTTP/1.1" 304 0
INFO 2025-08-11 17:10:24,403 basehttp 20252 14380 "GET /media/barcodes/barcode_678914_OR83efm.png HTTP/1.1" 304 0
INFO 2025-08-11 17:10:24,407 basehttp 20252 14380 "GET /media/barcodes/barcode_875432_2dWmZQo.png HTTP/1.1" 304 0
INFO 2025-08-11 17:10:24,412 basehttp 20252 14380 "GET /media/barcodes/barcode_327663_NYlVqvq.png HTTP/1.1" 304 0
INFO 2025-08-11 17:10:24,416 basehttp 20252 14380 "GET /media/barcodes/barcode_320355_e58jIIj.png HTTP/1.1" 304 0
INFO 2025-08-11 17:10:24,420 basehttp 20252 14380 "GET /media/barcodes/barcode_402564_E6F06MR.png HTTP/1.1" 304 0
INFO 2025-08-11 17:10:24,425 basehttp 20252 14380 "GET /media/barcodes/barcode_433789_1R7gQaj.png HTTP/1.1" 304 0
INFO 2025-08-11 17:10:24,430 basehttp 20252 14380 "GET /media/barcodes/barcode_064058_u0a84Ir.png HTTP/1.1" 304 0
INFO 2025-08-11 17:10:24,435 basehttp 20252 14380 "GET /media/barcodes/barcode_859359_AQ3jMGI.png HTTP/1.1" 304 0
INFO 2025-08-11 17:10:24,439 basehttp 20252 14380 "GET /media/barcodes/barcode_051429_fIBa2ZL.png HTTP/1.1" 304 0
INFO 2025-08-11 17:10:24,444 basehttp 20252 14380 "GET /media/barcodes/barcode_082685_0cJymmE.png HTTP/1.1" 304 0
INFO 2025-08-11 17:10:24,448 basehttp 20252 14380 "GET /media/barcodes/barcode_455613_RWVpADs.png HTTP/1.1" 304 0
INFO 2025-08-11 17:10:24,453 basehttp 20252 14380 "GET /media/barcodes/barcode_000720_oF6GiGU.png HTTP/1.1" 304 0
INFO 2025-08-11 17:10:24,458 basehttp 20252 14380 "GET /media/barcodes/barcode_748888_1HGCzbj.png HTTP/1.1" 304 0
INFO 2025-08-11 17:10:24,463 basehttp 20252 14380 "GET /media/barcodes/barcode_046271_ohtOtjp.png HTTP/1.1" 304 0
INFO 2025-08-11 17:10:24,467 basehttp 20252 14380 "GET /media/barcodes/barcode_209615_SLt29Sm.png HTTP/1.1" 304 0
INFO 2025-08-11 17:10:24,471 basehttp 20252 14380 "GET /media/barcodes/barcode_351892_17EIl64.png HTTP/1.1" 304 0
INFO 2025-08-11 17:10:24,475 basehttp 20252 14380 "GET /media/barcodes/barcode_562371_JQGZbRJ.png HTTP/1.1" 304 0
INFO 2025-08-11 17:10:24,479 basehttp 20252 14380 "GET /media/barcodes/barcode_483878_YTm8QbJ.png HTTP/1.1" 304 0
INFO 2025-08-11 17:10:24,483 basehttp 20252 14380 "GET /media/barcodes/barcode_867407_ZvlViwE.png HTTP/1.1" 304 0
INFO 2025-08-11 17:10:24,487 basehttp 20252 14380 "GET /media/barcodes/barcode_986866_SXqCU1f.png HTTP/1.1" 304 0
INFO 2025-08-11 17:10:24,493 basehttp 20252 14380 "GET /media/barcodes/barcode_626721_qtpQ95f.png HTTP/1.1" 304 0
INFO 2025-08-11 17:10:24,498 basehttp 20252 14380 "GET /media/barcodes/barcode_468769_ziHJ0Tr.png HTTP/1.1" 304 0
INFO 2025-08-11 17:10:24,503 basehttp 20252 14380 "GET /media/barcodes/barcode_442290_vN0dSe2.png HTTP/1.1" 304 0
INFO 2025-08-11 17:10:24,508 basehttp 20252 14380 "GET /media/barcodes/barcode_662307_gCMbObr.png HTTP/1.1" 304 0
INFO 2025-08-11 17:10:24,512 basehttp 20252 14380 "GET /media/barcodes/barcode_691390_8CX2PVr.png HTTP/1.1" 304 0
INFO 2025-08-11 17:10:24,516 basehttp 20252 14380 "GET /media/barcodes/barcode_547400_WrJAuVl.png HTTP/1.1" 304 0
INFO 2025-08-11 17:10:24,520 basehttp 20252 14380 "GET /media/barcodes/barcode_961428_VxqSe52.png HTTP/1.1" 304 0
INFO 2025-08-11 17:10:24,524 basehttp 20252 14380 "GET /media/barcodes/barcode_582256_Hu9LlRV.png HTTP/1.1" 304 0
INFO 2025-08-11 17:10:24,529 basehttp 20252 14380 "GET /media/barcodes/barcode_013405_5ReH0DR.png HTTP/1.1" 304 0
INFO 2025-08-11 17:10:24,534 basehttp 20252 14380 "GET /media/barcodes/barcode_666867_3UjRatD.png HTTP/1.1" 304 0
INFO 2025-08-11 17:10:24,538 basehttp 20252 14380 "GET /media/barcodes/barcode_155264_4ruP27E.png HTTP/1.1" 304 0
INFO 2025-08-11 17:10:24,542 basehttp 20252 14380 "GET /media/barcodes/barcode_160904_yc1QfyF.png HTTP/1.1" 304 0
INFO 2025-08-11 17:10:24,547 basehttp 20252 14380 "GET /media/barcodes/barcode_947226_HohSsma.png HTTP/1.1" 304 0
INFO 2025-08-11 17:10:24,551 basehttp 20252 14380 "GET /media/barcodes/barcode_140869_yyAf41w.png HTTP/1.1" 304 0
INFO 2025-08-11 17:10:24,556 basehttp 20252 14380 "GET /media/barcodes/barcode_701171_AaUJay4.png HTTP/1.1" 304 0
INFO 2025-08-11 17:10:24,561 basehttp 20252 14380 "GET /media/barcodes/barcode_468465_ZNPz7xP.png HTTP/1.1" 304 0
INFO 2025-08-11 17:10:24,566 basehttp 20252 14380 "GET /media/barcodes/barcode_892990_TFK8s8y.png HTTP/1.1" 304 0
INFO 2025-08-11 17:10:24,570 basehttp 20252 14380 "GET /media/barcodes/barcode_059583_3sSxvu6.png HTTP/1.1" 304 0
INFO 2025-08-11 17:10:24,575 basehttp 20252 14380 "GET /media/barcodes/barcode_591493_jNlcDVd.png HTTP/1.1" 304 0
INFO 2025-08-11 17:10:24,580 basehttp 20252 14380 "GET /media/barcodes/barcode_895852_v143Q99.png HTTP/1.1" 304 0
INFO 2025-08-11 17:10:24,584 basehttp 20252 14380 "GET /media/barcodes/barcode_245282_nctEKax.png HTTP/1.1" 304 0
INFO 2025-08-11 17:10:24,588 basehttp 20252 14380 "GET /media/barcodes/barcode_573241_jscWwix.png HTTP/1.1" 304 0
INFO 2025-08-11 17:10:24,592 basehttp 20252 14380 "GET /media/barcodes/barcode_442786_JBpiryk.png HTTP/1.1" 304 0
INFO 2025-08-11 17:10:24,596 basehttp 20252 14380 "GET /media/barcodes/barcode_158615_B2UMGAs.png HTTP/1.1" 304 0
INFO 2025-08-11 17:10:24,601 basehttp 20252 14380 "GET /media/barcodes/barcode_018538_Cg5CdRj.png HTTP/1.1" 304 0
INFO 2025-08-11 17:10:24,605 basehttp 20252 14380 "GET /media/barcodes/barcode_576253_FUNdFs3.png HTTP/1.1" 304 0
INFO 2025-08-11 17:10:24,611 basehttp 20252 14380 "GET /media/barcodes/barcode_197085_civkiE9.png HTTP/1.1" 304 0
INFO 2025-08-11 17:10:24,616 basehttp 20252 14380 "GET /media/barcodes/barcode_756681_RkmfELI.png HTTP/1.1" 304 0
INFO 2025-08-11 17:10:24,621 basehttp 20252 14380 "GET /media/barcodes/barcode_250344_zo410Xv.png HTTP/1.1" 304 0
INFO 2025-08-11 17:10:24,655 basehttp 20252 14380 "GET /media/barcodes/barcode_475198_InSaWjG.png HTTP/1.1" 304 0
INFO 2025-08-11 17:10:24,660 basehttp 20252 14380 "GET /media/barcodes/barcode_147414_u6eFOpd.png HTTP/1.1" 304 0
INFO 2025-08-11 17:10:24,664 basehttp 20252 14380 "GET /media/barcodes/barcode_464001_YDxgPjn.png HTTP/1.1" 304 0
INFO 2025-08-11 17:10:24,669 basehttp 20252 14380 "GET /media/barcodes/barcode_842866_8TtgUw7.png HTTP/1.1" 304 0
INFO 2025-08-11 17:10:24,674 basehttp 20252 14380 "GET /media/barcodes/barcode_101298_BTWiSP3.png HTTP/1.1" 304 0
INFO 2025-08-11 17:10:24,678 basehttp 20252 8516 "GET /admin/jsi18n/ HTTP/1.1" 200 8048
INFO 2025-08-11 17:10:24,679 basehttp 20252 14380 "GET /media/barcodes/barcode_732891_gTzOWNd.png HTTP/1.1" 304 0
INFO 2025-08-11 17:10:24,684 basehttp 20252 14380 "GET /media/barcodes/barcode_058383_TmTCV3e.png HTTP/1.1" 304 0
INFO 2025-08-11 17:10:24,698 basehttp 20252 14380 "GET /media/barcodes/barcode_683592_v1YVEAr.png HTTP/1.1" 304 0
INFO 2025-08-11 17:10:24,704 basehttp 20252 8516 "GET /media/barcodes/barcode_709108_jZ2TvdP.png HTTP/1.1" 304 0
INFO 2025-08-11 17:10:24,704 basehttp 20252 19100 "GET /media/barcodes/barcode_392586_rzk3bdL.png HTTP/1.1" 304 0
INFO 2025-08-11 17:10:24,705 basehttp 20252 14624 "GET /media/barcodes/barcode_748416_ZmJ9ACe.png HTTP/1.1" 304 0
INFO 2025-08-11 17:10:24,708 basehttp 20252 22272 "GET /media/barcodes/barcode_648627_WbmcRxj.png HTTP/1.1" 304 0
INFO 2025-08-11 17:10:24,710 basehttp 20252 14380 "GET /media/barcodes/barcode_122475_1kwj6Un.png HTTP/1.1" 304 0
INFO 2025-08-11 17:10:24,718 basehttp 20252 19100 "GET /media/barcodes/barcode_503278_DUNm7Vi.png HTTP/1.1" 304 0
INFO 2025-08-11 17:10:24,721 basehttp 20252 19688 "GET /media/barcodes/barcode_133390_XcqohrT.png HTTP/1.1" 304 0
INFO 2025-08-11 17:10:24,721 basehttp 20252 8516 "GET /media/barcodes/barcode_151553_WPAzmJ4.png HTTP/1.1" 304 0
INFO 2025-08-11 17:10:24,723 basehttp 20252 14624 "GET /media/barcodes/barcode_323570_nUFuBQp.png HTTP/1.1" 304 0
INFO 2025-08-11 17:10:24,726 basehttp 20252 14380 "GET /media/barcodes/barcode_908731_n6unQoK.png HTTP/1.1" 304 0
INFO 2025-08-11 17:10:24,726 basehttp 20252 22272 "GET /media/barcodes/barcode_202484_fwBQKmO.png HTTP/1.1" 304 0
INFO 2025-08-11 17:10:24,732 basehttp 20252 19100 "GET /media/barcodes/barcode_413280_26yU6ur.png HTTP/1.1" 304 0
INFO 2025-08-11 17:10:24,733 basehttp 20252 19688 "GET /media/barcodes/barcode_873241_zxSEH8Q.png HTTP/1.1" 304 0
INFO 2025-08-11 17:10:24,734 basehttp 20252 14624 "GET /media/barcodes/barcode_580925_yeisz4N.png HTTP/1.1" 304 0
INFO 2025-08-11 17:18:31,986 basehttp 20252 17572 "GET /admin/barcodes/campaign/ HTTP/1.1" 200 9745
INFO 2025-08-11 17:18:32,533 basehttp 20252 17572 "GET /admin/jsi18n/ HTTP/1.1" 200 8048
INFO 2025-08-11 17:20:24,077 basehttp 20252 17572 "GET /admin/barcodes/campaign/ HTTP/1.1" 200 9745
INFO 2025-08-11 17:20:24,394 basehttp 20252 17572 "GET /admin/jsi18n/ HTTP/1.1" 200 8048
INFO 2025-08-11 17:20:27,169 basehttp 20252 17572 "GET /admin/barcodes/userbarcode/ HTTP/1.1" 200 8971
INFO 2025-08-11 17:20:27,543 basehttp 20252 17572 "GET /admin/jsi18n/ HTTP/1.1" 200 8048
INFO 2025-08-11 17:20:28,443 basehttp 20252 17572 - Broken pipe from ('127.0.0.1', 53505)
INFO 2025-08-11 17:20:30,322 basehttp 20252 10008 "GET /admin/barcodes/campaignbarcode/ HTTP/1.1" 200 85020
INFO 2025-08-11 17:20:30,429 basehttp 20252 19636 "GET /media/barcodes/barcode_446450_KLtbND7.png HTTP/1.1" 304 0
INFO 2025-08-11 17:20:30,433 basehttp 20252 19636 "GET /media/barcodes/barcode_455788_1j38zz6.png HTTP/1.1" 304 0
INFO 2025-08-11 17:20:30,439 basehttp 20252 19636 "GET /media/barcodes/barcode_184671_Bhm82eA.png HTTP/1.1" 304 0
INFO 2025-08-11 17:20:30,445 basehttp 20252 19636 "GET /media/barcodes/barcode_724170_mx49sGY.png HTTP/1.1" 304 0
INFO 2025-08-11 17:20:30,449 basehttp 20252 19636 "GET /media/barcodes/barcode_073747_SnlQlyf.png HTTP/1.1" 304 0
INFO 2025-08-11 17:20:30,454 basehttp 20252 19636 "GET /media/barcodes/barcode_084766_uIoofDC.png HTTP/1.1" 304 0
INFO 2025-08-11 17:20:30,458 basehttp 20252 19636 "GET /media/barcodes/barcode_600946_izDSGlw.png HTTP/1.1" 304 0
INFO 2025-08-11 17:20:30,463 basehttp 20252 19636 "GET /media/barcodes/barcode_166872_OB4eknb.png HTTP/1.1" 304 0
INFO 2025-08-11 17:20:30,467 basehttp 20252 19636 "GET /media/barcodes/barcode_216542_TEGRhmN.png HTTP/1.1" 304 0
INFO 2025-08-11 17:20:30,471 basehttp 20252 19636 "GET /media/barcodes/barcode_777594_ggJ0QQT.png HTTP/1.1" 304 0
INFO 2025-08-11 17:20:30,476 basehttp 20252 19636 "GET /media/barcodes/barcode_117818_NQYc5Oq.png HTTP/1.1" 304 0
INFO 2025-08-11 17:20:30,481 basehttp 20252 19636 "GET /media/barcodes/barcode_980557_eziWTX9.png HTTP/1.1" 304 0
INFO 2025-08-11 17:20:30,485 basehttp 20252 19636 "GET /media/barcodes/barcode_080800_iKsyG5t.png HTTP/1.1" 304 0
INFO 2025-08-11 17:20:30,491 basehttp 20252 19636 "GET /media/barcodes/barcode_249323_Yb9RjVy.png HTTP/1.1" 304 0
INFO 2025-08-11 17:20:30,496 basehttp 20252 19636 "GET /media/barcodes/barcode_153337_ppUiRgc.png HTTP/1.1" 304 0
INFO 2025-08-11 17:20:30,500 basehttp 20252 19636 "GET /media/barcodes/barcode_078625_tI10WG9.png HTTP/1.1" 304 0
INFO 2025-08-11 17:20:30,505 basehttp 20252 19636 "GET /media/barcodes/barcode_945113_iRihqlM.png HTTP/1.1" 304 0
INFO 2025-08-11 17:20:30,509 basehttp 20252 19636 "GET /media/barcodes/barcode_703983_c2f9YNm.png HTTP/1.1" 304 0
INFO 2025-08-11 17:20:30,514 basehttp 20252 19636 "GET /media/barcodes/barcode_914586_uCTKp53.png HTTP/1.1" 304 0
INFO 2025-08-11 17:20:30,519 basehttp 20252 19636 "GET /media/barcodes/barcode_609126_bLR35E5.png HTTP/1.1" 304 0
INFO 2025-08-11 17:20:30,580 basehttp 20252 19636 "GET /media/barcodes/barcode_405752_5OTLw8n.png HTTP/1.1" 304 0
INFO 2025-08-11 17:20:30,583 basehttp 20252 19636 "GET /media/barcodes/barcode_659691_pmeZyQG.png HTTP/1.1" 304 0
INFO 2025-08-11 17:20:30,586 basehttp 20252 19636 "GET /media/barcodes/barcode_194599_C5b0sYm.png HTTP/1.1" 304 0
INFO 2025-08-11 17:20:30,590 basehttp 20252 19636 "GET /media/barcodes/barcode_335031_ms8atVX.png HTTP/1.1" 304 0
INFO 2025-08-11 17:20:30,596 basehttp 20252 19636 "GET /media/barcodes/barcode_034874_MzgWg0k.png HTTP/1.1" 304 0
INFO 2025-08-11 17:20:30,600 basehttp 20252 19636 "GET /media/barcodes/barcode_675348_AmP7NPq.png HTTP/1.1" 304 0
INFO 2025-08-11 17:20:30,604 basehttp 20252 19636 "GET /media/barcodes/barcode_343424_sl13AEV.png HTTP/1.1" 304 0
INFO 2025-08-11 17:20:30,609 basehttp 20252 19636 "GET /media/barcodes/barcode_856211_KWutfvb.png HTTP/1.1" 304 0
INFO 2025-08-11 17:20:30,614 basehttp 20252 19636 "GET /media/barcodes/barcode_481183_pdUftOj.png HTTP/1.1" 304 0
INFO 2025-08-11 17:20:30,674 basehttp 20252 19636 "GET /media/barcodes/barcode_678914_OR83efm.png HTTP/1.1" 304 0
INFO 2025-08-11 17:20:30,677 basehttp 20252 19636 "GET /media/barcodes/barcode_875432_2dWmZQo.png HTTP/1.1" 304 0
INFO 2025-08-11 17:20:30,681 basehttp 20252 19636 "GET /media/barcodes/barcode_327663_NYlVqvq.png HTTP/1.1" 304 0
INFO 2025-08-11 17:20:30,685 basehttp 20252 19636 "GET /media/barcodes/barcode_320355_e58jIIj.png HTTP/1.1" 304 0
INFO 2025-08-11 17:20:30,690 basehttp 20252 19636 "GET /media/barcodes/barcode_402564_E6F06MR.png HTTP/1.1" 304 0
INFO 2025-08-11 17:20:30,695 basehttp 20252 19636 "GET /media/barcodes/barcode_433789_1R7gQaj.png HTTP/1.1" 304 0
INFO 2025-08-11 17:20:30,700 basehttp 20252 19636 "GET /media/barcodes/barcode_064058_u0a84Ir.png HTTP/1.1" 304 0
INFO 2025-08-11 17:20:30,704 basehttp 20252 19636 "GET /media/barcodes/barcode_859359_AQ3jMGI.png HTTP/1.1" 304 0
INFO 2025-08-11 17:20:30,709 basehttp 20252 19636 "GET /media/barcodes/barcode_051429_fIBa2ZL.png HTTP/1.1" 304 0
INFO 2025-08-11 17:20:30,714 basehttp 20252 19636 "GET /media/barcodes/barcode_082685_0cJymmE.png HTTP/1.1" 304 0
INFO 2025-08-11 17:20:30,718 basehttp 20252 19636 "GET /media/barcodes/barcode_455613_RWVpADs.png HTTP/1.1" 304 0
INFO 2025-08-11 17:20:30,723 basehttp 20252 19636 "GET /media/barcodes/barcode_000720_oF6GiGU.png HTTP/1.1" 304 0
INFO 2025-08-11 17:20:30,728 basehttp 20252 19636 "GET /media/barcodes/barcode_748888_1HGCzbj.png HTTP/1.1" 304 0
INFO 2025-08-11 17:20:30,733 basehttp 20252 19636 "GET /media/barcodes/barcode_046271_ohtOtjp.png HTTP/1.1" 304 0
INFO 2025-08-11 17:20:30,737 basehttp 20252 19636 "GET /media/barcodes/barcode_209615_SLt29Sm.png HTTP/1.1" 304 0
INFO 2025-08-11 17:20:30,742 basehttp 20252 19636 "GET /media/barcodes/barcode_351892_17EIl64.png HTTP/1.1" 304 0
INFO 2025-08-11 17:20:30,746 basehttp 20252 19636 "GET /media/barcodes/barcode_562371_JQGZbRJ.png HTTP/1.1" 304 0
INFO 2025-08-11 17:20:30,751 basehttp 20252 19636 "GET /media/barcodes/barcode_483878_YTm8QbJ.png HTTP/1.1" 304 0
INFO 2025-08-11 17:20:30,755 basehttp 20252 19636 "GET /media/barcodes/barcode_867407_ZvlViwE.png HTTP/1.1" 304 0
INFO 2025-08-11 17:20:30,759 basehttp 20252 19636 "GET /media/barcodes/barcode_986866_SXqCU1f.png HTTP/1.1" 304 0
INFO 2025-08-11 17:20:30,763 basehttp 20252 19636 "GET /media/barcodes/barcode_626721_qtpQ95f.png HTTP/1.1" 304 0
INFO 2025-08-11 17:20:30,768 basehttp 20252 19636 "GET /media/barcodes/barcode_468769_ziHJ0Tr.png HTTP/1.1" 304 0
INFO 2025-08-11 17:20:30,773 basehttp 20252 19636 "GET /media/barcodes/barcode_442290_vN0dSe2.png HTTP/1.1" 304 0
INFO 2025-08-11 17:20:30,778 basehttp 20252 19636 "GET /media/barcodes/barcode_662307_gCMbObr.png HTTP/1.1" 304 0
INFO 2025-08-11 17:20:30,782 basehttp 20252 19636 "GET /media/barcodes/barcode_691390_8CX2PVr.png HTTP/1.1" 304 0
INFO 2025-08-11 17:20:30,787 basehttp 20252 19636 "GET /media/barcodes/barcode_547400_WrJAuVl.png HTTP/1.1" 304 0
INFO 2025-08-11 17:20:30,792 basehttp 20252 19636 "GET /media/barcodes/barcode_961428_VxqSe52.png HTTP/1.1" 304 0
INFO 2025-08-11 17:20:30,797 basehttp 20252 19636 "GET /media/barcodes/barcode_582256_Hu9LlRV.png HTTP/1.1" 304 0
INFO 2025-08-11 17:20:30,802 basehttp 20252 19636 "GET /media/barcodes/barcode_013405_5ReH0DR.png HTTP/1.1" 304 0
INFO 2025-08-11 17:20:30,807 basehttp 20252 19636 "GET /media/barcodes/barcode_666867_3UjRatD.png HTTP/1.1" 304 0
INFO 2025-08-11 17:20:30,811 basehttp 20252 19636 "GET /media/barcodes/barcode_155264_4ruP27E.png HTTP/1.1" 304 0
INFO 2025-08-11 17:20:30,816 basehttp 20252 19636 "GET /media/barcodes/barcode_160904_yc1QfyF.png HTTP/1.1" 304 0
INFO 2025-08-11 17:20:30,820 basehttp 20252 19636 "GET /media/barcodes/barcode_947226_HohSsma.png HTTP/1.1" 304 0
INFO 2025-08-11 17:20:30,826 basehttp 20252 19636 "GET /media/barcodes/barcode_140869_yyAf41w.png HTTP/1.1" 304 0
INFO 2025-08-11 17:20:30,830 basehttp 20252 19636 "GET /media/barcodes/barcode_701171_AaUJay4.png HTTP/1.1" 304 0
INFO 2025-08-11 17:20:30,835 basehttp 20252 19636 "GET /media/barcodes/barcode_468465_ZNPz7xP.png HTTP/1.1" 304 0
INFO 2025-08-11 17:20:30,839 basehttp 20252 19636 "GET /media/barcodes/barcode_892990_TFK8s8y.png HTTP/1.1" 304 0
INFO 2025-08-11 17:20:30,844 basehttp 20252 19636 "GET /media/barcodes/barcode_059583_3sSxvu6.png HTTP/1.1" 304 0
INFO 2025-08-11 17:20:30,848 basehttp 20252 19636 "GET /media/barcodes/barcode_591493_jNlcDVd.png HTTP/1.1" 304 0
INFO 2025-08-11 17:20:30,853 basehttp 20252 19636 "GET /media/barcodes/barcode_895852_v143Q99.png HTTP/1.1" 304 0
INFO 2025-08-11 17:20:30,859 basehttp 20252 19636 "GET /media/barcodes/barcode_245282_nctEKax.png HTTP/1.1" 304 0
INFO 2025-08-11 17:20:30,864 basehttp 20252 19636 "GET /media/barcodes/barcode_573241_jscWwix.png HTTP/1.1" 304 0
INFO 2025-08-11 17:20:30,869 basehttp 20252 19636 "GET /media/barcodes/barcode_442786_JBpiryk.png HTTP/1.1" 304 0
INFO 2025-08-11 17:20:30,873 basehttp 20252 19636 "GET /media/barcodes/barcode_158615_B2UMGAs.png HTTP/1.1" 304 0
INFO 2025-08-11 17:20:30,877 basehttp 20252 19636 "GET /media/barcodes/barcode_018538_Cg5CdRj.png HTTP/1.1" 304 0
INFO 2025-08-11 17:20:30,881 basehttp 20252 19636 "GET /media/barcodes/barcode_576253_FUNdFs3.png HTTP/1.1" 304 0
INFO 2025-08-11 17:20:30,885 basehttp 20252 19636 "GET /media/barcodes/barcode_197085_civkiE9.png HTTP/1.1" 304 0
INFO 2025-08-11 17:20:30,891 basehttp 20252 19636 "GET /media/barcodes/barcode_756681_RkmfELI.png HTTP/1.1" 304 0
INFO 2025-08-11 17:20:30,894 basehttp 20252 10008 "GET /admin/jsi18n/ HTTP/1.1" 200 8048
INFO 2025-08-11 17:20:30,897 basehttp 20252 19636 "GET /media/barcodes/barcode_250344_zo410Xv.png HTTP/1.1" 304 0
INFO 2025-08-11 17:20:30,901 basehttp 20252 19636 "GET /media/barcodes/barcode_475198_InSaWjG.png HTTP/1.1" 304 0
INFO 2025-08-11 17:20:30,918 basehttp 20252 10008 "GET /media/barcodes/barcode_464001_YDxgPjn.png HTTP/1.1" 304 0
INFO 2025-08-11 17:20:30,919 basehttp 20252 19636 "GET /media/barcodes/barcode_147414_u6eFOpd.png HTTP/1.1" 304 0
INFO 2025-08-11 17:20:30,923 basehttp 20252 16444 "GET /media/barcodes/barcode_842866_8TtgUw7.png HTTP/1.1" 304 0
INFO 2025-08-11 17:20:30,930 basehttp 20252 19900 "GET /media/barcodes/barcode_101298_BTWiSP3.png HTTP/1.1" 304 0
INFO 2025-08-11 17:20:30,936 basehttp 20252 10008 "GET /media/barcodes/barcode_683592_v1YVEAr.png HTTP/1.1" 304 0
INFO 2025-08-11 17:20:30,939 basehttp 20252 16444 "GET /media/barcodes/barcode_392586_rzk3bdL.png HTTP/1.1" 304 0
INFO 2025-08-11 17:20:30,939 basehttp 20252 10548 "GET /media/barcodes/barcode_732891_gTzOWNd.png HTTP/1.1" 304 0
INFO 2025-08-11 17:20:30,940 basehttp 20252 19636 "GET /media/barcodes/barcode_709108_jZ2TvdP.png HTTP/1.1" 304 0
INFO 2025-08-11 17:20:30,945 basehttp 20252 7564 "GET /media/barcodes/barcode_058383_TmTCV3e.png HTTP/1.1" 304 0
INFO 2025-08-11 17:20:30,947 basehttp 20252 19900 "GET /media/barcodes/barcode_748416_ZmJ9ACe.png HTTP/1.1" 304 0
INFO 2025-08-11 17:20:30,951 basehttp 20252 10008 "GET /media/barcodes/barcode_648627_WbmcRxj.png HTTP/1.1" 304 0
INFO 2025-08-11 17:20:30,952 basehttp 20252 16444 "GET /media/barcodes/barcode_122475_1kwj6Un.png HTTP/1.1" 304 0
INFO 2025-08-11 17:20:30,954 basehttp 20252 10548 "GET /media/barcodes/barcode_323570_nUFuBQp.png HTTP/1.1" 304 0
INFO 2025-08-11 17:20:30,958 basehttp 20252 7564 "GET /media/barcodes/barcode_503278_DUNm7Vi.png HTTP/1.1" 304 0
INFO 2025-08-11 17:20:30,959 basehttp 20252 19636 "GET /media/barcodes/barcode_133390_XcqohrT.png HTTP/1.1" 304 0
INFO 2025-08-11 17:20:30,965 basehttp 20252 19900 "GET /media/barcodes/barcode_908731_n6unQoK.png HTTP/1.1" 304 0
INFO 2025-08-11 17:20:30,968 basehttp 20252 10008 "GET /media/barcodes/barcode_202484_fwBQKmO.png HTTP/1.1" 304 0
INFO 2025-08-11 17:20:30,971 basehttp 20252 10548 "GET /media/barcodes/barcode_151553_WPAzmJ4.png HTTP/1.1" 304 0
INFO 2025-08-11 17:20:30,972 basehttp 20252 16444 "GET /media/barcodes/barcode_413280_26yU6ur.png HTTP/1.1" 304 0
INFO 2025-08-11 17:20:30,972 basehttp 20252 7564 "GET /media/barcodes/barcode_580925_yeisz4N.png HTTP/1.1" 304 0
INFO 2025-08-11 17:20:30,975 basehttp 20252 19636 "GET /media/barcodes/barcode_873241_zxSEH8Q.png HTTP/1.1" 304 0
INFO 2025-08-11 17:20:34,673 basehttp 20252 19636 "GET /admin/barcodes/campaign/ HTTP/1.1" 200 9745
INFO 2025-08-11 17:20:35,224 basehttp 20252 19636 "GET /admin/jsi18n/ HTTP/1.1" 200 8048
INFO 2025-08-11 17:20:36,333 basehttp 20252 19636 "GET /admin/barcodes/campaign/add/ HTTP/1.1" 200 10977
INFO 2025-08-11 17:20:36,668 basehttp 20252 19636 "GET /admin/jsi18n/ HTTP/1.1" 200 8048
INFO 2025-08-11 17:20:50,237 basehttp 20252 19636 "GET /static/admin/img/calendar-icons.svg HTTP/1.1" 200 1094
INFO 2025-08-11 17:21:02,872 basehttp 20252 19636 "POST /admin/barcodes/campaign/add/ HTTP/1.1" 302 0
INFO 2025-08-11 17:21:03,925 basehttp 20252 19636 "GET /admin/barcodes/campaign/ HTTP/1.1" 200 12459
INFO 2025-08-11 17:21:04,660 basehttp 20252 19636 "GET /admin/jsi18n/ HTTP/1.1" 200 8048
INFO 2025-08-11 17:21:23,117 views 20252 20564 Kullanýcýya barkod atanýyor: 5859554578
INFO 2025-08-11 17:21:23,690 models 20252 20564 ASSIGN: Aktif kampanya: KAMPANYA2025
INFO 2025-08-11 17:21:23,777 models 20252 20564 ASSIGN: Tüm kampanyalar: ['KAMPANYA2025']
INFO 2025-08-11 17:21:24,038 models 20252 20564 ASSIGN: Kampanya KAMPANYA2025 - Toplam: 500, Müsait: 500
INFO 2025-08-11 17:21:24,216 models 20252 20564 ASSIGN: Barkod atandý: 5859554578 -> 446450
INFO 2025-08-11 17:21:24,216 views 20252 20564 Kullanýcýya barkod otomatik atandý: 5859554578 -> 446450
INFO 2025-08-11 17:21:24,311 basehttp 20252 20564 "GET /api/barcodes/user-barcode/ HTTP/1.1" 200 397
INFO 2025-08-11 17:21:24,679 basehttp 20252 19432 "GET /media/barcodes/barcode_446450_KLtbND7.png HTTP/1.1" 200 3616
INFO 2025-08-11 17:21:27,307 basehttp 20252 20564 "GET /api/barcodes/user-barcode/ HTTP/1.1" 200 397
INFO 2025-08-11 17:26:16,170 autoreload 20252 13344 C:\Users\FATIH\Desktop\safak\safak_backend\barcodes\models.py changed, reloading.
INFO 2025-08-11 17:26:17,051 autoreload 18248 13428 Watching for file changes with StatReloader
INFO 2025-08-11 17:26:23,216 autoreload 18248 13428 C:\Users\FATIH\Desktop\safak\safak_backend\barcodes\serializers.py changed, reloading.
INFO 2025-08-11 17:26:24,113 autoreload 21580 18252 Watching for file changes with StatReloader
INFO 2025-08-11 17:26:33,520 autoreload 21580 18252 C:\Users\FATIH\Desktop\safak\safak_backend\barcodes\serializers.py changed, reloading.
INFO 2025-08-11 17:26:34,313 autoreload 5248 6280 Watching for file changes with StatReloader
INFO 2025-08-11 17:26:50,264 autoreload 5248 6280 C:\Users\FATIH\Desktop\safak\safak_backend\barcodes\serializers.py changed, reloading.
INFO 2025-08-11 17:26:51,205 autoreload 15924 5844 Watching for file changes with StatReloader
INFO 2025-08-11 17:40:21,675 autoreload 284 21644 Watching for file changes with StatReloader
INFO 2025-08-11 17:41:15,838 autoreload 284 21644 C:\Users\FATIH\Desktop\safak\safak_backend\safak_backend\settings.py changed, reloading.
INFO 2025-08-11 17:41:16,693 autoreload 12828 14820 Watching for file changes with StatReloader
INFO 2025-08-11 17:41:29,378 autoreload 12828 14820 C:\Users\FATIH\Desktop\safak\safak_backend\safak_backend\settings.py changed, reloading.
INFO 2025-08-11 17:41:30,179 autoreload 20712 20960 Watching for file changes with StatReloader
WARNING 2025-08-11 17:41:48,510 log 20712 20728 Unauthorized: /api/login/
WARNING 2025-08-11 17:41:48,511 basehttp 20712 20728 "POST /api/login/ HTTP/1.1" 401 52
INFO 2025-08-11 17:42:16,240 signals 20712 20728 SIGNAL: Yeni kullanýcý oluþturuldu: 5523351245
INFO 2025-08-11 17:42:16,321 signals 20712 20728 SIGNAL: Aktif kampanya: KAMPANYA2025
INFO 2025-08-11 17:42:16,402 signals 20712 20728 SIGNAL: Müsait barkod sayýsý: 499
INFO 2025-08-11 17:42:16,615 models 20712 20728 ASSIGN: Aktif kampanya: KAMPANYA2025
INFO 2025-08-11 17:42:16,691 models 20712 20728 ASSIGN: Tüm kampanyalar: ['KAMPANYA2025']
INFO 2025-08-11 17:42:17,019 models 20712 20728 ASSIGN: Kampanya KAMPANYA2025 - Toplam: 500, Müsait: 499
INFO 2025-08-11 17:42:17,192 models 20712 20728 ASSIGN: Barkod atandý: 5523351245 -> 455788
INFO 2025-08-11 17:42:17,192 signals 20712 20728 SIGNAL: Kullanýcýya barkod atandý: 5523351245 -> 455788
INFO 2025-08-11 17:42:17,554 basehttp 20712 20728 "POST /api/register/ HTTP/1.1" 201 805
INFO 2025-08-11 17:42:18,437 basehttp 20712 20728 "GET /api/barcodes/user-barcode/ HTTP/1.1" 200 311
INFO 2025-08-11 17:48:05,210 signals 20712 13152 SIGNAL: Yeni kullanýcý oluþturuldu: 5552221111
INFO 2025-08-11 17:48:05,294 signals 20712 13152 SIGNAL: Aktif kampanya: KAMPANYA2025
INFO 2025-08-11 17:48:05,390 signals 20712 13152 SIGNAL: Müsait barkod sayýsý: 498
INFO 2025-08-11 17:48:05,558 models 20712 13152 ASSIGN: Aktif kampanya: KAMPANYA2025
INFO 2025-08-11 17:48:05,642 models 20712 13152 ASSIGN: Tüm kampanyalar: ['KAMPANYA2025']
INFO 2025-08-11 17:48:05,977 models 20712 13152 ASSIGN: Kampanya KAMPANYA2025 - Toplam: 500, Müsait: 498
INFO 2025-08-11 17:48:06,238 models 20712 13152 ASSIGN: Barkod atandý: 5552221111 -> 184671
INFO 2025-08-11 17:48:06,239 signals 20712 13152 SIGNAL: Kullanýcýya barkod atandý: 5552221111 -> 184671
INFO 2025-08-11 17:48:06,580 basehttp 20712 13152 "POST /api/register/ HTTP/1.1" 201 916
INFO 2025-08-11 17:48:07,402 basehttp 20712 13152 "GET /api/barcodes/user-barcode/ HTTP/1.1" 200 311
INFO 2025-08-11 17:48:11,648 basehttp 20712 13152 "GET /api/barcodes/user-barcode/ HTTP/1.1" 200 311
INFO 2025-08-11 17:48:42,341 basehttp 20712 13152 "PUT /api/profile/update/ HTTP/1.1" 200 311
INFO 2025-08-11 17:48:54,417 basehttp 20712 13152 "GET /api/opportunities/ HTTP/1.1" 200 52
INFO 2025-08-11 17:48:58,680 basehttp 20712 13152 "GET /api/barcodes/user-barcode/ HTTP/1.1" 200 311
INFO 2025-08-11 17:52:34,539 signals 20712 13152 SIGNAL: Yeni kullanýcý oluþturuldu: 5525531245
INFO 2025-08-11 17:52:34,622 signals 20712 13152 SIGNAL: Aktif kampanya: KAMPANYA2025
INFO 2025-08-11 17:52:34,707 signals 20712 13152 SIGNAL: Müsait barkod sayýsý: 497
INFO 2025-08-11 17:52:34,903 models 20712 13152 ASSIGN: Aktif kampanya: KAMPANYA2025
INFO 2025-08-11 17:52:34,986 models 20712 13152 ASSIGN: Tüm kampanyalar: ['KAMPANYA2025']
INFO 2025-08-11 17:52:35,333 models 20712 13152 ASSIGN: Kampanya KAMPANYA2025 - Toplam: 500, Müsait: 497
INFO 2025-08-11 17:52:35,553 models 20712 13152 ASSIGN: Barkod atandý: 5525531245 -> 724170
INFO 2025-08-11 17:52:35,553 signals 20712 13152 SIGNAL: Kullanýcýya barkod atandý: 5525531245 -> 724170
INFO 2025-08-11 17:52:35,960 basehttp 20712 13152 "POST /api/register/ HTTP/1.1" 201 810
INFO 2025-08-11 17:52:36,693 basehttp 20712 13152 "GET /api/barcodes/user-barcode/ HTTP/1.1" 200 311
INFO 2025-08-11 17:59:37,055 autoreload 20712 20960 C:\Users\FATIH\Desktop\safak\safak_backend\safak_backend\settings.py changed, reloading.
INFO 2025-08-11 17:59:38,032 autoreload 20116 13404 Watching for file changes with StatReloader
INFO 2025-08-11 17:59:52,051 autoreload 20116 13404 C:\Users\FATIH\Desktop\safak\safak_backend\safak_backend\settings.py changed, reloading.
INFO 2025-08-11 17:59:53,185 autoreload 20548 5344 Watching for file changes with StatReloader
INFO 2025-08-11 18:01:06,230 autoreload 20548 5344 C:\Users\FATIH\Desktop\safak\safak_backend\safak_backend\settings.py changed, reloading.
INFO 2025-08-11 18:01:06,943 autoreload 21596 1696 Watching for file changes with StatReloader
INFO 2025-08-11 18:06:03,321 autoreload 7596 8376 Watching for file changes with StatReloader
INFO 2025-08-11 18:06:06,916 models 7596 1592 ASSIGN: Aktif kampanya: KAMPANYA2025
INFO 2025-08-11 18:06:06,997 models 7596 1592 ASSIGN: Tüm kampanyalar: ['KAMPANYA2025']
INFO 2025-08-11 18:06:07,449 models 7596 1592 ASSIGN: Kampanya KAMPANYA2025 - Toplam: 500, Müsait: 496
INFO 2025-08-11 18:06:07,978 models 7596 1592 ASSIGN: Barkod atandý: 5555555555 -> 073747
ERROR 2025-08-11 18:06:08,128 log 7596 1592 Internal Server Error: /
Traceback (most recent call last):
  File "C:\Users\FATIH\Desktop\safak\venv\lib\site-packages\django\core\handlers\exception.py", line 56, in inner
    response = get_response(request)
  File "C:\Users\FATIH\Desktop\safak\venv\lib\site-packages\django\core\handlers\base.py", line 197, in _get_response
    response = wrapped_callback(request, *callback_args, **callback_kwargs)
  File "C:\Users\FATIH\Desktop\safak\safak_backend\webapp\views.py", line 41, in home_view
    return render(request, 'web/home.html', context)
  File "C:\Users\FATIH\Desktop\safak\venv\lib\site-packages\django\shortcuts.py", line 24, in render
    content = loader.render_to_string(template_name, context, request, using=using)
  File "C:\Users\FATIH\Desktop\safak\venv\lib\site-packages\django\template\loader.py", line 61, in render_to_string
    template = get_template(template_name, using=using)
  File "C:\Users\FATIH\Desktop\safak\venv\lib\site-packages\django\template\loader.py", line 19, in get_template
    raise TemplateDoesNotExist(template_name, chain=chain)
django.template.exceptions.TemplateDoesNotExist: web/home.html
ERROR 2025-08-11 18:06:08,131 basehttp 7596 1592 "GET / HTTP/1.1" 500 86713
INFO 2025-08-11 18:10:23,454 basehttp 7596 2180 "GET / HTTP/1.1" 200 6056
INFO 2025-08-11 18:10:23,576 basehttp 7596 2180 "GET /static/web/css/mobile.css HTTP/1.1" 200 9209
INFO 2025-08-11 18:10:23,579 basehttp 7596 12444 "GET /static/web/js/app.js HTTP/1.1" 200 7134
WARNING 2025-08-11 18:10:23,963 basehttp 7596 12444 "GET /static/web/js/sw.js HTTP/1.1" 404 1795
WARNING 2025-08-11 18:10:24,028 basehttp 7596 2180 "GET /static/web/images/icon-32.png HTTP/1.1" 404 1825
WARNING 2025-08-11 18:10:24,031 basehttp 7596 508 "GET /static/web/manifest.json HTTP/1.1" 404 1810
INFO 2025-08-11 18:10:34,623 basehttp 7596 22388 "GET /opportunities/ HTTP/1.1" 200 4705
WARNING 2025-08-11 18:10:34,800 basehttp 7596 22388 "GET /static/web/js/sw.js HTTP/1.1" 404 1795
WARNING 2025-08-11 18:10:34,802 basehttp 7596 21060 "GET /static/web/manifest.json HTTP/1.1" 404 1810
WARNING 2025-08-11 18:10:38,888 basehttp 7596 13168 "GET /static/web/manifest.json HTTP/1.1" 404 1810
WARNING 2025-08-11 18:10:38,919 log 7596 21968 Not Found: /.well-known/appspecific/com.chrome.devtools.json
WARNING 2025-08-11 18:10:38,920 basehttp 7596 21968 "GET /.well-known/appspecific/com.chrome.devtools.json HTTP/1.1" 404 4178
INFO 2025-08-11 18:10:42,095 basehttp 7596 21968 "GET /profile/ HTTP/1.1" 200 8412
WARNING 2025-08-11 18:10:42,174 log 7596 21968 Not Found: /.well-known/appspecific/com.chrome.devtools.json
WARNING 2025-08-11 18:10:42,176 basehttp 7596 21968 "GET /.well-known/appspecific/com.chrome.devtools.json HTTP/1.1" 404 4178
WARNING 2025-08-11 18:10:42,579 basehttp 7596 19712 "GET /static/web/manifest.json HTTP/1.1" 404 1810
INFO 2025-08-11 18:10:42,779 basehttp 7596 21968 "GET /profile/ HTTP/1.1" 200 8412
WARNING 2025-08-11 18:10:42,830 log 7596 21968 Not Found: /.well-known/appspecific/com.chrome.devtools.json
WARNING 2025-08-11 18:10:42,831 basehttp 7596 21968 "GET /.well-known/appspecific/com.chrome.devtools.json HTTP/1.1" 404 4178
WARNING 2025-08-11 18:10:43,163 basehttp 7596 21968 "GET /static/web/js/sw.js HTTP/1.1" 404 1795
WARNING 2025-08-11 18:10:43,209 basehttp 7596 20000 "GET /static/web/manifest.json HTTP/1.1" 404 1810
INFO 2025-08-11 18:11:04,517 basehttp 7596 16380 - Broken pipe from ('127.0.0.1', 56529)
INFO 2025-08-11 18:11:05,361 basehttp 7596 22120 "GET / HTTP/1.1" 200 6056
WARNING 2025-08-11 18:11:05,471 log 7596 22120 Not Found: /.well-known/appspecific/com.chrome.devtools.json
WARNING 2025-08-11 18:11:05,472 basehttp 7596 22120 "GET /.well-known/appspecific/com.chrome.devtools.json HTTP/1.1" 404 4178
INFO 2025-08-11 18:11:05,524 basehttp 7596 22120 "GET /static/web/css/mobile.css HTTP/1.1" 304 0
INFO 2025-08-11 18:11:05,529 basehttp 7596 22120 "GET /static/web/js/app.js HTTP/1.1" 304 0
WARNING 2025-08-11 18:11:05,807 basehttp 7596 22120 "GET /static/web/js/sw.js HTTP/1.1" 404 1795
WARNING 2025-08-11 18:11:05,869 basehttp 7596 21524 "GET /static/web/manifest.json HTTP/1.1" 404 1810
INFO 2025-08-11 18:11:08,949 basehttp 7596 10160 "GET / HTTP/1.1" 200 6056
WARNING 2025-08-11 18:11:08,980 log 7596 10160 Not Found: /.well-known/appspecific/com.chrome.devtools.json
WARNING 2025-08-11 18:11:08,981 basehttp 7596 10160 "GET /.well-known/appspecific/com.chrome.devtools.json HTTP/1.1" 404 4178
WARNING 2025-08-11 18:11:09,292 basehttp 7596 10160 "GET /static/web/js/sw.js HTTP/1.1" 404 1795
WARNING 2025-08-11 18:11:09,352 basehttp 7596 18980 "GET /static/web/manifest.json HTTP/1.1" 404 1810
INFO 2025-08-11 18:11:34,174 basehttp 7596 19900 "GET /logout/ HTTP/1.1" 302 0
INFO 2025-08-11 18:11:34,184 basehttp 7596 19900 "GET /login/ HTTP/1.1" 200 5766
WARNING 2025-08-11 18:11:34,282 log 7596 19900 Not Found: /.well-known/appspecific/com.chrome.devtools.json
WARNING 2025-08-11 18:11:34,283 basehttp 7596 19900 "GET /.well-known/appspecific/com.chrome.devtools.json HTTP/1.1" 404 4178
WARNING 2025-08-11 18:11:34,678 basehttp 7596 19900 "GET /static/web/js/sw.js HTTP/1.1" 404 1795
WARNING 2025-08-11 18:11:34,739 basehttp 7596 10884 "GET /static/web/manifest.json HTTP/1.1" 404 1810
INFO 2025-08-11 18:11:37,654 basehttp 7596 18552 "GET /register/ HTTP/1.1" 200 8676
WARNING 2025-08-11 18:11:37,774 log 7596 18552 Not Found: /.well-known/appspecific/com.chrome.devtools.json
WARNING 2025-08-11 18:11:37,775 basehttp 7596 18552 "GET /.well-known/appspecific/com.chrome.devtools.json HTTP/1.1" 404 4178
WARNING 2025-08-11 18:11:38,129 basehttp 7596 18552 "GET /static/web/js/sw.js HTTP/1.1" 404 1795
WARNING 2025-08-11 18:11:38,189 basehttp 7596 8288 "GET /static/web/manifest.json HTTP/1.1" 404 1810
INFO 2025-08-11 18:11:56,390 basehttp 7596 5248 "POST /ajax/children-count/ HTTP/1.1" 200 3074
INFO 2025-08-11 18:11:56,394 basehttp 7596 10132 "POST /ajax/children-count/ HTTP/1.1" 200 3074
INFO 2025-08-11 18:12:01,403 basehttp 7596 10132 "POST /register/ HTTP/1.1" 200 9212
WARNING 2025-08-11 18:12:01,443 log 7596 10132 Not Found: /.well-known/appspecific/com.chrome.devtools.json
WARNING 2025-08-11 18:12:01,444 basehttp 7596 10132 "GET /.well-known/appspecific/com.chrome.devtools.json HTTP/1.1" 404 4178
INFO 2025-08-11 18:12:01,501 basehttp 7596 10132 "GET /static/web/css/mobile.css HTTP/1.1" 304 0
INFO 2025-08-11 18:12:01,510 basehttp 7596 5248 "GET /static/web/js/app.js HTTP/1.1" 304 0
WARNING 2025-08-11 18:12:01,868 basehttp 7596 5248 "GET /static/web/js/sw.js HTTP/1.1" 404 1795
WARNING 2025-08-11 18:12:01,881 basehttp 7596 22136 "GET /static/web/manifest.json HTTP/1.1" 404 1810
INFO 2025-08-11 18:12:37,406 signals 7596 10132 SIGNAL: Yeni kullanýcý oluþturuldu: 5151231212
INFO 2025-08-11 18:12:37,493 signals 7596 10132 SIGNAL: Aktif kampanya: KAMPANYA2025
INFO 2025-08-11 18:12:37,577 signals 7596 10132 SIGNAL: Müsait barkod sayýsý: 495
INFO 2025-08-11 18:12:37,745 models 7596 10132 ASSIGN: Aktif kampanya: KAMPANYA2025
INFO 2025-08-11 18:12:38,024 models 7596 10132 ASSIGN: Tüm kampanyalar: ['KAMPANYA2025']
INFO 2025-08-11 18:12:38,396 models 7596 10132 ASSIGN: Kampanya KAMPANYA2025 - Toplam: 500, Müsait: 495
INFO 2025-08-11 18:12:38,562 models 7596 10132 ASSIGN: Barkod atandý: 5151231212 -> 084766
INFO 2025-08-11 18:12:38,562 signals 7596 10132 SIGNAL: Kullanýcýya barkod atandý: 5151231212 -> 084766
INFO 2025-08-11 18:12:39,425 basehttp 7596 10132 "POST /register/ HTTP/1.1" 302 0
INFO 2025-08-11 18:12:40,257 basehttp 7596 10132 "GET / HTTP/1.1" 200 6236
WARNING 2025-08-11 18:12:40,320 log 7596 10132 Not Found: /.well-known/appspecific/com.chrome.devtools.json
WARNING 2025-08-11 18:12:40,325 basehttp 7596 10132 "GET /.well-known/appspecific/com.chrome.devtools.json HTTP/1.1" 404 4178
INFO 2025-08-11 18:12:40,385 basehttp 7596 10132 "GET /static/web/css/mobile.css HTTP/1.1" 304 0
INFO 2025-08-11 18:12:40,410 basehttp 7596 15836 "GET /static/web/js/app.js HTTP/1.1" 304 0
WARNING 2025-08-11 18:12:40,835 basehttp 7596 15836 "GET /static/web/js/sw.js HTTP/1.1" 404 1795
WARNING 2025-08-11 18:12:40,910 basehttp 7596 15768 "GET /static/web/manifest.json HTTP/1.1" 404 1810
INFO 2025-08-11 18:14:07,029 autoreload 7596 8376 C:\Users\FATIH\Desktop\safak\safak_backend\webapp\views.py changed, reloading.
INFO 2025-08-11 18:14:09,205 autoreload 6196 14184 Watching for file changes with StatReloader
INFO 2025-08-11 18:15:19,546 autoreload 6196 14184 C:\Users\FATIH\Desktop\safak\safak_backend\webapp\views.py changed, reloading.
INFO 2025-08-11 18:15:20,953 autoreload 6344 13952 Watching for file changes with StatReloader
INFO 2025-08-11 18:17:21,508 basehttp 6344 20744 "GET / HTTP/1.1" 200 6076
INFO 2025-08-11 18:17:21,636 basehttp 6344 20744 "GET /static/web/css/mobile.css HTTP/1.1" 200 9376
INFO 2025-08-11 18:17:21,641 basehttp 6344 17800 "GET /static/web/js/app.js HTTP/1.1" 200 7751
WARNING 2025-08-11 18:17:21,931 basehttp 6344 17800 "GET /static/web/js/sw.js HTTP/1.1" 404 1795
WARNING 2025-08-11 18:17:21,981 basehttp 6344 2436 "GET /static/web/manifest.json HTTP/1.1" 404 1810
INFO 2025-08-11 18:17:24,019 basehttp 6344 20744 "GET /logout/ HTTP/1.1" 302 0
INFO 2025-08-11 18:17:24,052 basehttp 6344 20744 "GET /login/ HTTP/1.1" 200 5766
WARNING 2025-08-11 18:17:24,291 basehttp 6344 20744 "GET /static/web/js/sw.js HTTP/1.1" 404 1795
WARNING 2025-08-11 18:17:24,391 basehttp 6344 9256 "GET /static/web/manifest.json HTTP/1.1" 404 1810
INFO 2025-08-11 18:17:26,335 basehttp 6344 19844 "GET /register/ HTTP/1.1" 200 10016
WARNING 2025-08-11 18:17:26,499 basehttp 6344 6952 "GET /static/web/manifest.json HTTP/1.1" 404 1810
WARNING 2025-08-11 18:17:26,503 basehttp 6344 19844 "GET /static/web/js/sw.js HTTP/1.1" 404 1795
INFO 2025-08-11 18:17:38,931 basehttp 6344 13368 "POST /ajax/children-count/ HTTP/1.1" 200 4605
INFO 2025-08-11 18:17:38,933 basehttp 6344 3264 "POST /ajax/children-count/ HTTP/1.1" 200 4605
INFO 2025-08-11 18:17:44,745 basehttp 6344 3264 "POST /register/ HTTP/1.1" 200 10809
INFO 2025-08-11 18:17:44,805 basehttp 6344 3264 "GET /static/web/css/mobile.css HTTP/1.1" 304 0
INFO 2025-08-11 18:17:44,825 basehttp 6344 13368 "GET /static/web/js/app.js HTTP/1.1" 304 0
WARNING 2025-08-11 18:17:44,983 basehttp 6344 13368 "GET /static/web/js/sw.js HTTP/1.1" 404 1795
WARNING 2025-08-11 18:17:44,984 basehttp 6344 15072 "GET /static/web/manifest.json HTTP/1.1" 404 1810
INFO 2025-08-11 18:18:35,332 autoreload 6344 13952 C:\Users\FATIH\Desktop\safak\safak_backend\webapp\views.py changed, reloading.
INFO 2025-08-11 18:18:36,260 autoreload 18984 1332 Watching for file changes with StatReloader
INFO 2025-08-11 18:19:05,133 autoreload 18984 1332 C:\Users\FATIH\Desktop\safak\safak_backend\webapp\views.py changed, reloading.
INFO 2025-08-11 18:19:06,010 autoreload 18760 20824 Watching for file changes with StatReloader
INFO 2025-08-11 18:19:42,084 autoreload 18760 20824 C:\Users\FATIH\Desktop\safak\safak_backend\webapp\views.py changed, reloading.
INFO 2025-08-11 18:19:43,025 autoreload 3264 22520 Watching for file changes with StatReloader
INFO 2025-08-11 18:20:05,109 basehttp 3264 19712 "GET / HTTP/1.1" 302 0
INFO 2025-08-11 18:20:05,130 basehttp 3264 19712 "GET /login/ HTTP/1.1" 200 5600
INFO 2025-08-11 18:20:05,325 basehttp 3264 19712 "GET /static/web/css/mobile.css HTTP/1.1" 304 0
INFO 2025-08-11 18:20:05,328 basehttp 3264 19712 "GET /static/web/js/app.js HTTP/1.1" 304 0
WARNING 2025-08-11 18:20:05,833 basehttp 3264 19712 "GET /static/web/js/sw.js HTTP/1.1" 404 1795
WARNING 2025-08-11 18:20:06,070 basehttp 3264 19272 "GET /static/web/manifest.json HTTP/1.1" 404 1810
INFO 2025-08-11 18:20:07,912 basehttp 3264 14648 "GET /register/ HTTP/1.1" 200 10016
WARNING 2025-08-11 18:20:08,083 basehttp 3264 17512 "GET /static/web/manifest.json HTTP/1.1" 404 1810
WARNING 2025-08-11 18:20:08,085 basehttp 3264 14648 "GET /static/web/js/sw.js HTTP/1.1" 404 1795
INFO 2025-08-11 18:20:19,709 basehttp 3264 9400 "POST /ajax/children-count/ HTTP/1.1" 200 3084
INFO 2025-08-11 18:20:19,711 basehttp 3264 13580 "POST /ajax/children-count/ HTTP/1.1" 200 3084
INFO 2025-08-11 18:20:24,155 signals 3264 13580 SIGNAL: Yeni kullanýcý oluþturuldu: 5545331244
INFO 2025-08-11 18:20:24,244 signals 3264 13580 SIGNAL: Aktif kampanya: KAMPANYA2025
INFO 2025-08-11 18:20:24,339 signals 3264 13580 SIGNAL: Müsait barkod sayýsý: 494
INFO 2025-08-11 18:20:24,497 models 3264 13580 ASSIGN: Aktif kampanya: KAMPANYA2025
INFO 2025-08-11 18:20:24,588 models 3264 13580 ASSIGN: Tüm kampanyalar: ['KAMPANYA2025']
INFO 2025-08-11 18:20:24,821 models 3264 13580 ASSIGN: Kampanya KAMPANYA2025 - Toplam: 500, Müsait: 494
INFO 2025-08-11 18:20:24,986 models 3264 13580 ASSIGN: Barkod atandý: 5545331244 -> 600946
INFO 2025-08-11 18:20:24,986 signals 3264 13580 SIGNAL: Kullanýcýya barkod atandý: 5545331244 -> 600946
INFO 2025-08-11 18:20:25,855 basehttp 3264 13580 "POST /register/ HTTP/1.1" 302 0
INFO 2025-08-11 18:20:26,467 basehttp 3264 13580 "GET / HTTP/1.1" 200 6240
WARNING 2025-08-11 18:20:26,638 basehttp 3264 13580 "GET /static/web/js/sw.js HTTP/1.1" 404 1795
WARNING 2025-08-11 18:20:26,654 basehttp 3264 19428 "GET /static/web/manifest.json HTTP/1.1" 404 1810
WARNING 2025-08-11 18:20:32,490 basehttp 3264 10184 "GET /static/web/manifest.json HTTP/1.1" 404 1810
WARNING 2025-08-11 18:20:32,596 log 3264 9400 Not Found: /.well-known/appspecific/com.chrome.devtools.json
WARNING 2025-08-11 18:20:32,597 basehttp 3264 9400 "GET /.well-known/appspecific/com.chrome.devtools.json HTTP/1.1" 404 4178
INFO 2025-08-11 19:58:15,350 autoreload 3264 22520 C:\Users\FATIH\Desktop\safak\safak_backend\webapp\views.py changed, reloading.
INFO 2025-08-11 19:58:16,710 autoreload 22644 18788 Watching for file changes with StatReloader
INFO 2025-08-11 19:58:29,627 autoreload 22644 18788 C:\Users\FATIH\Desktop\safak\safak_backend\webapp\views.py changed, reloading.
INFO 2025-08-11 19:58:30,551 autoreload 23544 1128 Watching for file changes with StatReloader
INFO 2025-08-11 19:58:43,357 autoreload 23544 1128 C:\Users\FATIH\Desktop\safak\safak_backend\webapp\urls.py changed, reloading.
INFO 2025-08-11 19:58:44,340 autoreload 21268 22372 Watching for file changes with StatReloader
INFO 2025-08-11 20:00:03,884 autoreload 21268 22372 C:\Users\FATIH\Desktop\safak\safak_backend\webapp\urls.py changed, reloading.
INFO 2025-08-11 20:00:04,704 autoreload 15812 2428 Watching for file changes with StatReloader
